#
# There is insufficient memory for the Java Runtime Environment to continue.
# Native memory allocation (mmap) failed to map 125829120 bytes for committing reserved memory.
# Possible reasons:
#   The system is out of physical RAM or swap space
#   In 32 bit mode, the process size limit was hit
# Possible solutions:
#   Reduce memory load on the system
#   Increase physical memory or swap space
#   Check if swap backing store is full
#   Use 64 bit Java on a 64 bit OS
#   Decrease Java heap size (-Xmx/-Xms)
#   Decrease number of Java threads
#   Decrease Java thread stack sizes (-Xss)
#   Set larger code cache with -XX:ReservedCodeCacheSize=
# This output file may be truncated or incomplete.
#
#  Out of Memory Error (os_linux.cpp:2746), pid=6290, tid=0x00007ff396bca700
#
# JRE version: OpenJDK Runtime Environment (8.0_191-b12) (build 1.8.0_191-8u191-b12-0ubuntu0.18.04.1-b12)
# Java VM: OpenJDK 64-Bit Server VM (25.191-b12 mixed mode linux-amd64 compressed oops)
# Failed to write core dump. Core dumps have been disabled. To enable core dumping, try "ulimit -c unlimited" before starting Java again
#

---------------  T H R E A D  ---------------

Current thread (0x00007ff3c0081800):  VMThread [stack: 0x00007ff396acb000,0x00007ff396bcb000] [id=6303]

Stack: [0x00007ff396acb000,0x00007ff396bcb000],  sp=0x00007ff396bc9480,  free space=1017k
Native frames: (J=compiled Java code, j=interpreted, Vv=VM code, C=native code)
V  [libjvm.so+0xab2512]
V  [libjvm.so+0x4d9e97]
V  [libjvm.so+0x8ed690]
V  [libjvm.so+0x8e47be]
V  [libjvm.so+0x968516]
V  [libjvm.so+0x969888]
V  [libjvm.so+0x965e86]
V  [libjvm.so+0x96621c]
V  [libjvm.so+0x914a58]
V  [libjvm.so+0xab41d2]
V  [libjvm.so+0xab8d96]
V  [libjvm.so+0xab7035]
V  [libjvm.so+0xab79ad]
V  [libjvm.so+0xab7d87]
V  [libjvm.so+0x8eaa42]

VM_Operation (0x00007ff38fffa590): ParallelGCFailedAllocation, mode: safepoint, requested by thread 0x00007ff35400a000


---------------  P R O C E S S  ---------------

Java Threads: ( => current thread )
  0x00007ff3413fe000 JavaThread "Memory manager" [_thread_blocked, id=6341, stack(0x00007ff38d5b2000,0x00007ff38d6b3000)]
  0x00007ff340e4c000 JavaThread "build operations Thread 8" [_thread_blocked, id=6340, stack(0x00007ff38e078000,0x00007ff38e179000)]
  0x00007ff340e4a800 JavaThread "build operations Thread 7" [_thread_blocked, id=6339, stack(0x00007ff38e179000,0x00007ff38e27a000)]
  0x00007ff3405c3000 JavaThread "build operations Thread 6" [_thread_blocked, id=6338, stack(0x00007ff38e27a000,0x00007ff38e37b000)]
  0x00007ff3405c1000 JavaThread "build operations Thread 5" [_thread_blocked, id=6337, stack(0x00007ff38e37b000,0x00007ff38e47c000)]
  0x00007ff3405bf800 JavaThread "build operations Thread 4" [_thread_blocked, id=6336, stack(0x00007ff38e47c000,0x00007ff38e57d000)]
  0x00007ff3405be000 JavaThread "build operations Thread 3" [_thread_blocked, id=6335, stack(0x00007ff38e57d000,0x00007ff38e67e000)]
  0x00007ff3405bc000 JavaThread "build operations Thread 2" [_thread_blocked, id=6334, stack(0x00007ff38e67e000,0x00007ff38e77f000)]
  0x00007ff3405b7000 JavaThread "build operations" [_thread_blocked, id=6333, stack(0x00007ff38e77f000,0x00007ff38e880000)]
  0x00007ff340485800 JavaThread "Cache worker for Artifact transforms cache (/home/artur/.gradle/caches/transforms-1)" [_thread_blocked, id=6332, stack(0x00007ff38ea80000,0x00007ff38eb81000)]
  0x00007ff340403800 JavaThread "Cache worker for file hash cache (/home/artur/project_study/IoTv3/android/.gradle/4.4/fileHashes)" [_thread_blocked, id=6331, stack(0x00007ff38f5fa000,0x00007ff38f6fb000)]
  0x00007ff340311800 JavaThread "File lock request listener" [_thread_in_native, id=6329, stack(0x00007ff38f8fb000,0x00007ff38f9fc000)]
  0x00007ff340234000 JavaThread "Cache worker for file hash cache (/home/artur/.gradle/caches/4.4/fileHashes)" [_thread_blocked, id=6328, stack(0x00007ff38f9fc000,0x00007ff38fafd000)]
  0x00007ff340015800 JavaThread "Stdin handler" [_thread_blocked, id=6324, stack(0x00007ff38fcfd000,0x00007ff38fdfe000)]
  0x00007ff340014800 JavaThread "Asynchronous log dispatcher for DefaultDaemonConnection: socket connection from /0:0:0:0:0:0:0:1:33105 to /0:0:0:0:0:0:0:1:56742" [_thread_blocked, id=6323, stack(0x00007ff38fdfe000,0x00007ff38feff000)]
  0x00007ff35400a000 JavaThread "Daemon worker" [_thread_blocked, id=6320, stack(0x00007ff38feff000,0x00007ff390000000)]
  0x00007ff354008800 JavaThread "Cancel handler" [_thread_blocked, id=6319, stack(0x00007ff394055000,0x00007ff394156000)]
  0x00007ff354004000 JavaThread "Handler for socket connection from /0:0:0:0:0:0:0:1:33105 to /0:0:0:0:0:0:0:1:56742" [_thread_in_native, id=6318, stack(0x00007ff394156000,0x00007ff394257000)]
  0x00007ff35c014000 JavaThread "Daemon" [_thread_blocked, id=6317, stack(0x00007ff394257000,0x00007ff394358000)]
  0x00007ff3c03d8800 JavaThread "Daemon periodic checks" [_thread_blocked, id=6316, stack(0x00007ff394358000,0x00007ff394459000)]
  0x00007ff3c02ac000 JavaThread "Incoming local TCP Connector on port 33105" [_thread_in_native, id=6315, stack(0x00007ff394460000,0x00007ff394561000)]
  0x00007ff3c00d3800 JavaThread "Service Thread" daemon [_thread_blocked, id=6311, stack(0x00007ff3957c2000,0x00007ff3958c3000)]
  0x00007ff3c00c8800 JavaThread "C1 CompilerThread3" daemon [_thread_blocked, id=6310, stack(0x00007ff3958c4000,0x00007ff3959c4000)]
  0x00007ff3c00c6000 JavaThread "C2 CompilerThread2" daemon [_thread_blocked, id=6309, stack(0x00007ff3959c5000,0x00007ff395ac5000)]
  0x00007ff3c00c4800 JavaThread "C2 CompilerThread1" daemon [_thread_blocked, id=6308, stack(0x00007ff395ac6000,0x00007ff395bc6000)]
  0x00007ff3c00c1800 JavaThread "C2 CompilerThread0" daemon [_thread_blocked, id=6307, stack(0x00007ff395bc7000,0x00007ff395cc7000)]
  0x00007ff3c00c0000 JavaThread "Signal Dispatcher" daemon [_thread_blocked, id=6306, stack(0x00007ff395cc7000,0x00007ff395dc8000)]
  0x00007ff3c008d800 JavaThread "Finalizer" daemon [_thread_blocked, id=6305, stack(0x00007ff3968c8000,0x00007ff3969c9000)]
  0x00007ff3c008b000 JavaThread "Reference Handler" daemon [_thread_blocked, id=6304, stack(0x00007ff3969c9000,0x00007ff396aca000)]
  0x00007ff3c000b800 JavaThread "main" [_thread_blocked, id=6294, stack(0x00007ff3c6a31000,0x00007ff3c6b31000)]

Other Threads:
=>0x00007ff3c0081800 VMThread [stack: 0x00007ff396acb000,0x00007ff396bcb000] [id=6303]
  0x00007ff3c00d6000 WatcherThread [stack: 0x00007ff3956c2000,0x00007ff3957c2000] [id=6312]

VM state:at safepoint (normal execution)

VM Mutex/Monitor currently owned by a thread:  ([mutex/lock_event])
[0x00007ff3c0007f10] Threads_lock - owner thread: 0x00007ff3c0081800
[0x00007ff3c0008410] Heap_lock - owner thread: 0x00007ff35400a000

Heap:
 PSYoungGen      total 211968K, used 14319K [0x00000000eab00000, 0x00000000f8800000, 0x0000000100000000)
  eden space 197632K, 0% used [0x00000000eab00000,0x00000000eab00000,0x00000000f6c00000)
  from space 14336K, 99% used [0x00000000f6c00000,0x00000000f79fbf00,0x00000000f7a00000)
  to   space 10240K, 0% used [0x00000000f7e00000,0x00000000f7e00000,0x00000000f8800000)
 ParOldGen       total 90624K, used 21404K [0x00000000c0000000, 0x00000000c5880000, 0x00000000eab00000)
  object space 90624K, 23% used [0x00000000c0000000,0x00000000c14e73d0,0x00000000c5880000)
 Metaspace       used 46598K, capacity 47588K, committed 47872K, reserved 1091584K
  class space    used 6286K, capacity 6592K, committed 6656K, reserved 1048576K

Card table byte_map: [0x00007ff3afdc4000,0x00007ff3affc5000] byte_map_base: 0x00007ff3af7c4000

Marking Bits: (ParMarkBitMap*) 0x00007ff3c5ccb340
 Begin Bits: [0x00007ff3ad466000, 0x00007ff3ae466000)
 End Bits:   [0x00007ff3ae466000, 0x00007ff3af466000)

Polling page: 0x00007ff3c6b4c000

CodeCache: size=245760Kb used=16320Kb max_used=16320Kb free=229439Kb
 bounds [0x00007ff3b0385000, 0x00007ff3b1385000, 0x00007ff3bf385000]
 total_blobs=5358 nmethods=4620 adapters=652
 compilation: enabled

Compilation events (10 events):
Event: 9,251 Thread 0x00007ff3c00c8800 5040       3       java.net.URLClassLoader::findResources (20 bytes)
Event: 9,251 Thread 0x00007ff3c00c8800 nmethod 5040 0x00007ff3b1381150 code [0x00007ff3b13812e0, 0x00007ff3b1381688]
Event: 9,260 Thread 0x00007ff3c00c8800 5044       1       java.nio.DirectByteBuffer::address (5 bytes)
Event: 9,260 Thread 0x00007ff3c00c8800 nmethod 5044 0x00007ff3b1381850 code [0x00007ff3b13819a0, 0x00007ff3b1381ab0]
Event: 9,260 Thread 0x00007ff3c00c8800 5041       3       com.sun.org.apache.xerces.internal.utils.XMLSecurityManager::getLimit (10 bytes)
Event: 9,260 Thread 0x00007ff3c00c8800 nmethod 5041 0x00007ff3b1381b10 code [0x00007ff3b1381c80, 0x00007ff3b1381e90]
Event: 9,260 Thread 0x00007ff3c00c8800 5042       3       com.sun.org.apache.xerces.internal.impl.dv.xs.XSSimpleTypeDecl::isIDType (88 bytes)
Event: 9,261 Thread 0x00007ff3c00c8800 nmethod 5042 0x00007ff3b1381f90 code [0x00007ff3b1382120, 0x00007ff3b13824b8]
Event: 9,261 Thread 0x00007ff3c00c8800 5043       3       java.nio.charset.Charset::lookup (44 bytes)
Event: 9,261 Thread 0x00007ff3c00c8800 nmethod 5043 0x00007ff3b1382610 code [0x00007ff3b13827c0, 0x00007ff3b1382ca8]

GC Heap History (10 events):
Event: 4,167 GC heap after
Heap after GC invocations=4 (full 0):
 PSYoungGen      total 127488K, used 4592K [0x00000000eab00000, 0x00000000f2c00000, 0x0000000100000000)
  eden space 122880K, 0% used [0x00000000eab00000,0x00000000eab00000,0x00000000f2300000)
  from space 4608K, 99% used [0x00000000f2780000,0x00000000f2bfc040,0x00000000f2c00000)
  to   space 4608K, 0% used [0x00000000f2300000,0x00000000f2300000,0x00000000f2780000)
 ParOldGen       total 80896K, used 9862K [0x00000000c0000000, 0x00000000c4f00000, 0x00000000eab00000)
  object space 80896K, 12% used [0x00000000c0000000,0x00000000c09a19e8,0x00000000c4f00000)
 Metaspace       used 20813K, capacity 21136K, committed 21248K, reserved 1067008K
  class space    used 2887K, capacity 3014K, committed 3072K, reserved 1048576K
}
Event: 4,167 GC heap before
{Heap before GC invocations=5 (full 1):
 PSYoungGen      total 127488K, used 4592K [0x00000000eab00000, 0x00000000f2c00000, 0x0000000100000000)
  eden space 122880K, 0% used [0x00000000eab00000,0x00000000eab00000,0x00000000f2300000)
  from space 4608K, 99% used [0x00000000f2780000,0x00000000f2bfc040,0x00000000f2c00000)
  to   space 4608K, 0% used [0x00000000f2300000,0x00000000f2300000,0x00000000f2780000)
 ParOldGen       total 80896K, used 9862K [0x00000000c0000000, 0x00000000c4f00000, 0x00000000eab00000)
  object space 80896K, 12% used [0x00000000c0000000,0x00000000c09a19e8,0x00000000c4f00000)
 Metaspace       used 20813K, capacity 21136K, committed 21248K, reserved 1067008K
  class space    used 2887K, capacity 3014K, committed 3072K, reserved 1048576K
Event: 4,207 GC heap after
Heap after GC invocations=5 (full 1):
 PSYoungGen      total 127488K, used 0K [0x00000000eab00000, 0x00000000f2c00000, 0x0000000100000000)
  eden space 122880K, 0% used [0x00000000eab00000,0x00000000eab00000,0x00000000f2300000)
  from space 4608K, 0% used [0x00000000f2780000,0x00000000f2780000,0x00000000f2c00000)
  to   space 4608K, 0% used [0x00000000f2300000,0x00000000f2300000,0x00000000f2780000)
 ParOldGen       total 57344K, used 9669K [0x00000000c0000000, 0x00000000c3800000, 0x00000000eab00000)
  object space 57344K, 16% used [0x00000000c0000000,0x00000000c0971438,0x00000000c3800000)
 Metaspace       used 20813K, capacity 21136K, committed 21248K, reserved 1067008K
  class space    used 2887K, capacity 3014K, committed 3072K, reserved 1048576K
}
Event: 5,589 GC heap before
{Heap before GC invocations=6 (full 1):
 PSYoungGen      total 127488K, used 122880K [0x00000000eab00000, 0x00000000f2c00000, 0x0000000100000000)
  eden space 122880K, 100% used [0x00000000eab00000,0x00000000f2300000,0x00000000f2300000)
  from space 4608K, 0% used [0x00000000f2780000,0x00000000f2780000,0x00000000f2c00000)
  to   space 4608K, 0% used [0x00000000f2300000,0x00000000f2300000,0x00000000f2780000)
 ParOldGen       total 57344K, used 9669K [0x00000000c0000000, 0x00000000c3800000, 0x00000000eab00000)
  object space 57344K, 16% used [0x00000000c0000000,0x00000000c0971438,0x00000000c3800000)
 Metaspace       used 30085K, capacity 30470K, committed 30720K, reserved 1075200K
  class space    used 4135K, capacity 4284K, committed 4352K, reserved 1048576K
Event: 5,601 GC heap after
Heap after GC invocations=6 (full 1):
 PSYoungGen      total 127488K, used 4576K [0x00000000eab00000, 0x00000000f8b80000, 0x0000000100000000)
  eden space 122880K, 0% used [0x00000000eab00000,0x00000000eab00000,0x00000000f2300000)
  from space 4608K, 99% used [0x00000000f2300000,0x00000000f2778050,0x00000000f2780000)
  to   space 13824K, 0% used [0x00000000f7e00000,0x00000000f7e00000,0x00000000f8b80000)
 ParOldGen       total 57344K, used 16251K [0x00000000c0000000, 0x00000000c3800000, 0x00000000eab00000)
  object space 57344K, 28% used [0x00000000c0000000,0x00000000c0fdec18,0x00000000c3800000)
 Metaspace       used 30085K, capacity 30470K, committed 30720K, reserved 1075200K
  class space    used 4135K, capacity 4284K, committed 4352K, reserved 1048576K
}
Event: 6,826 GC heap before
{Heap before GC invocations=7 (full 1):
 PSYoungGen      total 127488K, used 57859K [0x00000000eab00000, 0x00000000f8b80000, 0x0000000100000000)
  eden space 122880K, 43% used [0x00000000eab00000,0x00000000edf08f90,0x00000000f2300000)
  from space 4608K, 99% used [0x00000000f2300000,0x00000000f2778050,0x00000000f2780000)
  to   space 13824K, 0% used [0x00000000f7e00000,0x00000000f7e00000,0x00000000f8b80000)
 ParOldGen       total 57344K, used 16251K [0x00000000c0000000, 0x00000000c3800000, 0x00000000eab00000)
  object space 57344K, 28% used [0x00000000c0000000,0x00000000c0fdec18,0x00000000c3800000)
 Metaspace       used 34492K, capacity 35228K, committed 35416K, reserved 1079296K
  class space    used 4735K, capacity 5021K, committed 5120K, reserved 1048576K
Event: 6,834 GC heap after
Heap after GC invocations=7 (full 1):
 PSYoungGen      total 207872K, used 10077K [0x00000000eab00000, 0x00000000f8800000, 0x0000000100000000)
  eden space 197632K, 0% used [0x00000000eab00000,0x00000000eab00000,0x00000000f6c00000)
  from space 10240K, 98% used [0x00000000f7e00000,0x00000000f87d74f0,0x00000000f8800000)
  to   space 14336K, 0% used [0x00000000f6c00000,0x00000000f6c00000,0x00000000f7a00000)
 ParOldGen       total 57344K, used 16323K [0x00000000c0000000, 0x00000000c3800000, 0x00000000eab00000)
  object space 57344K, 28% used [0x00000000c0000000,0x00000000c0ff0c28,0x00000000c3800000)
 Metaspace       used 34492K, capacity 35228K, committed 35416K, reserved 1079296K
  class space    used 4735K, capacity 5021K, committed 5120K, reserved 1048576K
}
Event: 6,834 GC heap before
{Heap before GC invocations=8 (full 2):
 PSYoungGen      total 207872K, used 10077K [0x00000000eab00000, 0x00000000f8800000, 0x0000000100000000)
  eden space 197632K, 0% used [0x00000000eab00000,0x00000000eab00000,0x00000000f6c00000)
  from space 10240K, 98% used [0x00000000f7e00000,0x00000000f87d74f0,0x00000000f8800000)
  to   space 14336K, 0% used [0x00000000f6c00000,0x00000000f6c00000,0x00000000f7a00000)
 ParOldGen       total 57344K, used 16323K [0x00000000c0000000, 0x00000000c3800000, 0x00000000eab00000)
  object space 57344K, 28% used [0x00000000c0000000,0x00000000c0ff0c28,0x00000000c3800000)
 Metaspace       used 34492K, capacity 35228K, committed 35416K, reserved 1079296K
  class space    used 4735K, capacity 5021K, committed 5120K, reserved 1048576K
Event: 6,929 GC heap after
Heap after GC invocations=8 (full 2):
 PSYoungGen      total 207872K, used 0K [0x00000000eab00000, 0x00000000f8800000, 0x0000000100000000)
  eden space 197632K, 0% used [0x00000000eab00000,0x00000000eab00000,0x00000000f6c00000)
  from space 10240K, 0% used [0x00000000f7e00000,0x00000000f7e00000,0x00000000f8800000)
  to   space 14336K, 0% used [0x00000000f6c00000,0x00000000f6c00000,0x00000000f7a00000)
 ParOldGen       total 90624K, used 16968K [0x00000000c0000000, 0x00000000c5880000, 0x00000000eab00000)
  object space 90624K, 18% used [0x00000000c0000000,0x00000000c10921d8,0x00000000c5880000)
 Metaspace       used 34492K, capacity 35228K, committed 35416K, reserved 1079296K
  class space    used 4735K, capacity 5021K, committed 5120K, reserved 1048576K
}
Event: 9,267 GC heap before
{Heap before GC invocations=9 (full 2):
 PSYoungGen      total 207872K, used 197632K [0x00000000eab00000, 0x00000000f8800000, 0x0000000100000000)
  eden space 197632K, 100% used [0x00000000eab00000,0x00000000f6c00000,0x00000000f6c00000)
  from space 10240K, 0% used [0x00000000f7e00000,0x00000000f7e00000,0x00000000f8800000)
  to   space 14336K, 0% used [0x00000000f6c00000,0x00000000f6c00000,0x00000000f7a00000)
 ParOldGen       total 90624K, used 16968K [0x00000000c0000000, 0x00000000c5880000, 0x00000000eab00000)
  object space 90624K, 18% used [0x00000000c0000000,0x00000000c10921d8,0x00000000c5880000)
 Metaspace       used 46598K, capacity 47588K, committed 47872K, reserved 1091584K
  class space    used 6286K, capacity 6592K, committed 6656K, reserved 1048576K

Deoptimization events (10 events):
Event: 8,716 Thread 0x00007ff35400a000 Uncommon trap: reason=class_check action=maybe_recompile pc=0x00007ff3b087c85c method=java.io.DataInputStream.readUnsignedShort()I @ 4
Event: 8,716 Thread 0x00007ff35400a000 Uncommon trap: reason=class_check action=maybe_recompile pc=0x00007ff3b087c85c method=java.io.DataInputStream.readUnsignedShort()I @ 4
Event: 8,716 Thread 0x00007ff35400a000 Uncommon trap: reason=class_check action=maybe_recompile pc=0x00007ff3b087c85c method=java.io.DataInputStream.readUnsignedShort()I @ 4
Event: 8,716 Thread 0x00007ff35400a000 Uncommon trap: reason=class_check action=maybe_recompile pc=0x00007ff3b087c85c method=java.io.DataInputStream.readUnsignedShort()I @ 4
Event: 8,807 Thread 0x00007ff35400a000 Uncommon trap: reason=unstable_if action=reinterpret pc=0x00007ff3b0cd7f8c method=com.sun.org.apache.xerces.internal.impl.XMLEntityScanner.scanContent(Lcom/sun/org/apache/xerces/internal/xni/XMLString;)I @ 121
Event: 8,895 Thread 0x00007ff35400a000 Uncommon trap: reason=unstable_if action=reinterpret pc=0x00007ff3b119a0a8 method=java.lang.CharacterDataLatin1.digit(II)I @ 31
Event: 9,090 Thread 0x00007ff35400a000 Uncommon trap: reason=unstable_if action=reinterpret pc=0x00007ff3b11dd49c method=com.sun.org.apache.xerces.internal.impl.io.UTF8Reader.read([CII)I @ 131
Event: 9,091 Thread 0x00007ff35400a000 Uncommon trap: reason=unstable_if action=reinterpret pc=0x00007ff3b11cce3c method=com.sun.org.apache.xerces.internal.impl.io.UTF8Reader.read([CII)I @ 131
Event: 9,091 Thread 0x00007ff35400a000 Uncommon trap: reason=unstable_if action=reinterpret pc=0x00007ff3b12540dc method=java.util.regex.Pattern$BitClass.isSatisfiedBy(I)Z @ 4
Event: 9,091 Thread 0x00007ff35400a000 Uncommon trap: reason=unstable_if action=reinterpret pc=0x00007ff3b11f6350 method=java.util.regex.Pattern$Ctype.isSatisfiedBy(I)Z @ 4

Classes redefined (0 events):
No events

Internal exceptions (10 events):
Event: 9,166 Thread 0x00007ff35400a000 Exception <a 'sun/nio/fs/UnixException'> (0x00000000f5ba3ac8) thrown at [/build/openjdk-8-rxFzfV/openjdk-8-8u191-b12/src/hotspot/src/share/vm/prims/jni.cpp, line 709]
Event: 9,166 Thread 0x00007ff35400a000 Exception <a 'sun/nio/fs/UnixException'> (0x00000000f5ba4f48) thrown at [/build/openjdk-8-rxFzfV/openjdk-8-8u191-b12/src/hotspot/src/share/vm/prims/jni.cpp, line 709]
Event: 9,167 Thread 0x00007ff35400a000 Exception <a 'sun/nio/fs/UnixException'> (0x00000000f5ba7a20) thrown at [/build/openjdk-8-rxFzfV/openjdk-8-8u191-b12/src/hotspot/src/share/vm/prims/jni.cpp, line 709]
Event: 9,167 Thread 0x00007ff35400a000 Exception <a 'sun/nio/fs/UnixException'> (0x00000000f5ba8ea0) thrown at [/build/openjdk-8-rxFzfV/openjdk-8-8u191-b12/src/hotspot/src/share/vm/prims/jni.cpp, line 709]
Event: 9,167 Thread 0x00007ff35400a000 Exception <a 'sun/nio/fs/UnixException'> (0x00000000f5bac760) thrown at [/build/openjdk-8-rxFzfV/openjdk-8-8u191-b12/src/hotspot/src/share/vm/prims/jni.cpp, line 709]
Event: 9,167 Thread 0x00007ff35400a000 Exception <a 'sun/nio/fs/UnixException'> (0x00000000f5badc30) thrown at [/build/openjdk-8-rxFzfV/openjdk-8-8u191-b12/src/hotspot/src/share/vm/prims/jni.cpp, line 709]
Event: 9,168 Thread 0x00007ff35400a000 Exception <a 'sun/nio/fs/UnixException'> (0x00000000f5bb16f8) thrown at [/build/openjdk-8-rxFzfV/openjdk-8-8u191-b12/src/hotspot/src/share/vm/prims/jni.cpp, line 709]
Event: 9,168 Thread 0x00007ff35400a000 Exception <a 'sun/nio/fs/UnixException'> (0x00000000f5bb2bf8) thrown at [/build/openjdk-8-rxFzfV/openjdk-8-8u191-b12/src/hotspot/src/share/vm/prims/jni.cpp, line 709]
Event: 9,168 Thread 0x00007ff35400a000 Exception <a 'sun/nio/fs/UnixException'> (0x00000000f5bb6690) thrown at [/build/openjdk-8-rxFzfV/openjdk-8-8u191-b12/src/hotspot/src/share/vm/prims/jni.cpp, line 709]
Event: 9,168 Thread 0x00007ff35400a000 Exception <a 'sun/nio/fs/UnixException'> (0x00000000f5bb7b10) thrown at [/build/openjdk-8-rxFzfV/openjdk-8-8u191-b12/src/hotspot/src/share/vm/prims/jni.cpp, line 709]

Events (10 events):
Event: 9,194 Thread 0x00007ff35400a000 DEOPT UNPACKING pc=0x00007ff3b03cc4c4 sp=0x00007ff38fffaaa8 mode 0
Event: 9,201 Thread 0x00007ff35400a000 DEOPT PACKING pc=0x00007ff3b12cdced sp=0x00007ff38fffadb0
Event: 9,201 Thread 0x00007ff35400a000 DEOPT UNPACKING pc=0x00007ff3b03cc4c4 sp=0x00007ff38fffab78 mode 0
Event: 9,201 Thread 0x00007ff35400a000 DEOPT PACKING pc=0x00007ff3b12cdced sp=0x00007ff38ffface0
Event: 9,201 Thread 0x00007ff35400a000 DEOPT UNPACKING pc=0x00007ff3b03cc4c4 sp=0x00007ff38fffaaa8 mode 0
Event: 9,206 Thread 0x00007ff35400a000 DEOPT PACKING pc=0x00007ff3b12cdced sp=0x00007ff38fffadb0
Event: 9,206 Thread 0x00007ff35400a000 DEOPT UNPACKING pc=0x00007ff3b03cc4c4 sp=0x00007ff38fffab78 mode 0
Event: 9,207 Thread 0x00007ff35400a000 DEOPT PACKING pc=0x00007ff3b12cdced sp=0x00007ff38ffface0
Event: 9,207 Thread 0x00007ff35400a000 DEOPT UNPACKING pc=0x00007ff3b03cc4c4 sp=0x00007ff38fffaaa8 mode 0
Event: 9,263 Executing VM operation: ParallelGCFailedAllocation


Dynamic libraries:
c0000000-c5880000 rw-p 00000000 00:00 0 
c5880000-eab00000 ---p 00000000 00:00 0 
eab00000-f8800000 rw-p 00000000 00:00 0 
100000000-100680000 rw-p 00000000 00:00 0 
100680000-140000000 ---p 00000000 00:00 0 
5643a69e0000-5643a69e1000 r-xp 00000000 103:01 793844                    /usr/lib/jvm/java-8-openjdk-amd64/jre/bin/java
5643a6be0000-5643a6be1000 r--p 00000000 103:01 793844                    /usr/lib/jvm/java-8-openjdk-amd64/jre/bin/java
5643a6be1000-5643a6be2000 rw-p 00001000 103:01 793844                    /usr/lib/jvm/java-8-openjdk-amd64/jre/bin/java
5643a74be000-5643a74df000 rw-p 00000000 00:00 0                          [heap]
7ff308000000-7ff308021000 rw-p 00000000 00:00 0 
7ff308021000-7ff30c000000 ---p 00000000 00:00 0 
7ff30c000000-7ff30c021000 rw-p 00000000 00:00 0 
7ff30c021000-7ff310000000 ---p 00000000 00:00 0 
7ff310000000-7ff310021000 rw-p 00000000 00:00 0 
7ff310021000-7ff314000000 ---p 00000000 00:00 0 
7ff314000000-7ff314021000 rw-p 00000000 00:00 0 
7ff314021000-7ff318000000 ---p 00000000 00:00 0 
7ff318000000-7ff318021000 rw-p 00000000 00:00 0 
7ff318021000-7ff31c000000 ---p 00000000 00:00 0 
7ff31c000000-7ff31c021000 rw-p 00000000 00:00 0 
7ff31c021000-7ff320000000 ---p 00000000 00:00 0 
7ff320000000-7ff320021000 rw-p 00000000 00:00 0 
7ff320021000-7ff324000000 ---p 00000000 00:00 0 
7ff324000000-7ff324021000 rw-p 00000000 00:00 0 
7ff324021000-7ff328000000 ---p 00000000 00:00 0 
7ff328000000-7ff328021000 rw-p 00000000 00:00 0 
7ff328021000-7ff32c000000 ---p 00000000 00:00 0 
7ff32c000000-7ff32c021000 rw-p 00000000 00:00 0 
7ff32c021000-7ff330000000 ---p 00000000 00:00 0 
7ff330000000-7ff330021000 rw-p 00000000 00:00 0 
7ff330021000-7ff334000000 ---p 00000000 00:00 0 
7ff334000000-7ff334021000 rw-p 00000000 00:00 0 
7ff334021000-7ff338000000 ---p 00000000 00:00 0 
7ff338000000-7ff338021000 rw-p 00000000 00:00 0 
7ff338021000-7ff33c000000 ---p 00000000 00:00 0 
7ff33c000000-7ff33c024000 rw-p 00000000 00:00 0 
7ff33c024000-7ff340000000 ---p 00000000 00:00 0 
7ff340000000-7ff341bd0000 rw-p 00000000 00:00 0 
7ff341bd0000-7ff344000000 ---p 00000000 00:00 0 
7ff344000000-7ff344021000 rw-p 00000000 00:00 0 
7ff344021000-7ff348000000 ---p 00000000 00:00 0 
7ff348000000-7ff348028000 rw-p 00000000 00:00 0 
7ff348028000-7ff34c000000 ---p 00000000 00:00 0 
7ff34c000000-7ff34c021000 rw-p 00000000 00:00 0 
7ff34c021000-7ff350000000 ---p 00000000 00:00 0 
7ff350000000-7ff350021000 rw-p 00000000 00:00 0 
7ff350021000-7ff354000000 ---p 00000000 00:00 0 
7ff354000000-7ff354021000 rw-p 00000000 00:00 0 
7ff354021000-7ff358000000 ---p 00000000 00:00 0 
7ff358000000-7ff358021000 rw-p 00000000 00:00 0 
7ff358021000-7ff35c000000 ---p 00000000 00:00 0 
7ff35c000000-7ff35c06c000 rw-p 00000000 00:00 0 
7ff35c06c000-7ff360000000 ---p 00000000 00:00 0 
7ff360000000-7ff360c2c000 rw-p 00000000 00:00 0 
7ff360c2c000-7ff364000000 ---p 00000000 00:00 0 
7ff364000000-7ff364021000 rw-p 00000000 00:00 0 
7ff364021000-7ff368000000 ---p 00000000 00:00 0 
7ff368000000-7ff3691f8000 rw-p 00000000 00:00 0 
7ff3691f8000-7ff36c000000 ---p 00000000 00:00 0 
7ff36c000000-7ff36daf9000 rw-p 00000000 00:00 0 
7ff36daf9000-7ff370000000 ---p 00000000 00:00 0 
7ff370000000-7ff370021000 rw-p 00000000 00:00 0 
7ff370021000-7ff374000000 ---p 00000000 00:00 0 
7ff374000000-7ff37600c000 rw-p 00000000 00:00 0 
7ff37600c000-7ff378000000 ---p 00000000 00:00 0 
7ff378000000-7ff378021000 rw-p 00000000 00:00 0 
7ff378021000-7ff37c000000 ---p 00000000 00:00 0 
7ff37c000000-7ff37c021000 rw-p 00000000 00:00 0 
7ff37c021000-7ff380000000 ---p 00000000 00:00 0 
7ff380000000-7ff380021000 rw-p 00000000 00:00 0 
7ff380021000-7ff384000000 ---p 00000000 00:00 0 
7ff384000000-7ff384021000 rw-p 00000000 00:00 0 
7ff384021000-7ff388000000 ---p 00000000 00:00 0 
7ff388000000-7ff388021000 rw-p 00000000 00:00 0 
7ff388021000-7ff38c000000 ---p 00000000 00:00 0 
7ff38cac0000-7ff38cb00000 rw-p 00000000 00:00 0 
7ff38cb00000-7ff38ccc0000 ---p 00000000 00:00 0 
7ff38ccc0000-7ff38cec0000 rw-p 00000000 00:00 0 
7ff38cf9d000-7ff38d19d000 rw-p 00000000 00:00 0 
7ff38d19d000-7ff38d1b0000 r--s 00346000 103:01 793937                    /usr/lib/jvm/java-8-openjdk-amd64/jre/lib/resources.jar
7ff38d1b0000-7ff38d3b0000 rw-p 00000000 00:00 0 
7ff38d3b0000-7ff38d3b2000 r--s 00016000 103:01 793925                    /usr/lib/jvm/java-8-openjdk-amd64/jre/lib/jce.jar
7ff38d3b2000-7ff38d5b2000 rw-p 00000000 00:00 0 
7ff38d5b2000-7ff38d5b5000 ---p 00000000 00:00 0 
7ff38d5b5000-7ff38d6b3000 rw-p 00000000 00:00 0 
7ff38d6b3000-7ff38d6d8000 r--p 00000000 103:01 1192477                   /usr/share/locale-langpack/pl/LC_MESSAGES/libc.mo
7ff38d6d8000-7ff38d8d8000 rw-p 00000000 00:00 0 
7ff38d8d8000-7ff38dad8000 rw-p 00000000 00:00 0 
7ff38dad8000-7ff38dae3000 r--s 00081000 103:02 399310                    /home/artur/.gradle/caches/modules-2/files-2.1/org.jetbrains.trove4j/trove4j/20160824/33c3e174a9c8368d93761d3d12712db18e903959/trove4j-20160824.jar
7ff38dae3000-7ff38db66000 r--s 00758000 103:02 271647                    /home/artur/.gradle/caches/modules-2/files-2.1/com.android.tools.external.com-intellij/intellij-core/26.0.1/a373ed549821cb9a932b87c79792790f6d018727/intellij-core-26.0.1.jar
7ff38db66000-7ff38db6c000 r--s 00033000 103:02 5903278                   /home/artur/.gradle/caches/modules-2/files-2.1/commons-codec/commons-codec/1.6/b7f0fc8f61ecadeb3695f0b9464755eee44374d4/commons-codec-1.6.jar
7ff38db6c000-7ff38db6e000 r--s 0000d000 103:02 552190                    /home/artur/.gradle/caches/jars-3/b958e1f87f076c583b5ee3dbc28a0bda/commons-logging-1.1.1.jar
7ff38db6e000-7ff38db74000 r--s 00032000 103:02 5903272                   /home/artur/.gradle/caches/modules-2/files-2.1/org.apache.httpcomponents/httpcore/4.2.5/472f0f5f8dba5d1962cb9d7739feed739a31c30d/httpcore-4.2.5.jar
7ff38db74000-7ff38db75000 r--s 00004000 103:02 5641581                   /home/artur/.gradle/caches/modules-2/files-2.1/com.intellij/annotations/12.0/bbcf6448f6d40abe506e2c83b70a3e8bfd2b4539/annotations-12.0.jar
7ff38db75000-7ff38db76000 r--s 00000000 103:02 5374568                   /home/artur/.gradle/caches/modules-2/files-2.1/org.codehaus.mojo/animal-sniffer-annotations/1.14/775b7e22fb10026eed3f86e8dc556dfafe35f2d5/animal-sniffer-annotations-1.14.jar
7ff38db76000-7ff38db78000 r--s 00001000 103:02 5641579                   /home/artur/.gradle/caches/modules-2/files-2.1/com.google.j2objc/j2objc-annotations/1.1/ed28ded51a8b1c6b112568def5f4b455e6809019/j2objc-annotations-1.1.jar
7ff38db78000-7ff38db79000 r--s 00002000 103:02 531000                    /home/artur/.gradle/caches/modules-2/files-2.1/com.google.errorprone/error_prone_annotations/2.0.18/5f65affce1684999e2f4024983835efc3504012e/error_prone_annotations-2.0.18.jar
7ff38db79000-7ff38db7c000 r--s 00006000 103:02 5374542                   /home/artur/.gradle/caches/modules-2/files-2.1/com.google.code.findbugs/jsr305/1.3.9/40719ea6961c0cb6afaeb6a921eaa1f6afd4cfdf/jsr305-1.3.9.jar
7ff38db7c000-7ff38db7d000 r--s 0000a000 103:02 5374540                   /home/artur/.gradle/caches/modules-2/files-2.1/net.sf.kxml/kxml2/2.3.0/ccbc77a5fd907ef863c29f3596c6f54ffa4e9442/kxml2-2.3.0.jar
7ff38db7d000-7ff38db7f000 r--s 00005000 103:02 5903268                   /home/artur/.gradle/caches/modules-2/files-2.1/org.apache.httpcomponents/httpmime/4.1/9ba2dcdf94ce35c8a8e9bff242db0618ca932e92/httpmime-4.1.jar
7ff38db7f000-7ff38db89000 r--s 00061000 103:02 5903270                   /home/artur/.gradle/caches/modules-2/files-2.1/org.apache.httpcomponents/httpclient/4.2.6/e4ca30a6a3a075053a61c6fc850d2432dc012ba7/httpclient-4.2.6.jar
7ff38db89000-7ff38db92000 r--s 00064000 103:02 5374550                   /home/artur/.gradle/caches/modules-2/files-2.1/org.apache.commons/commons-compress/1.12/84caa68576e345eb5e7ae61a0e5a9229eb100d7b/commons-compress-1.12.jar
7ff38db92000-7ff38db97000 r--s 0002e000 103:02 5641577                   /home/artur/.gradle/caches/modules-2/files-2.1/com.google.code.gson/gson/2.3/5fc52c41ef0239d1093a1eb7c3697036183677ce/gson-2.3.jar
7ff38db97000-7ff38dba7000 r--s 000d6000 103:02 5903280                   /home/artur/.gradle/caches/modules-2/files-2.1/net.sf.proguard/proguard-base/5.3.3/988b6b0636ce343d4962b3b37f6319dcc6e99a61/proguard-base-5.3.3.jar
7ff38dba7000-7ff38dba9000 r--s 00003000 103:02 5374546                   /home/artur/.gradle/caches/modules-2/files-2.1/org.jetbrains/annotations/13.0/919f0dfe192fb4e063e7dacadee7f8bb9a2672a9/annotations-13.0.jar
7ff38dba9000-7ff38dbaa000 r--s 00001000 103:02 5641575                   /home/artur/.gradle/caches/modules-2/files-2.1/com.android.tools/annotations/26.0.1/29012758503f56c7dc0714eda494f7f140fd3db8/annotations-26.0.1.jar
7ff38dbaa000-7ff38dbad000 r--s 00033000 103:02 5374518                   /home/artur/.gradle/caches/modules-2/files-2.1/com.googlecode.juniversalchardet/juniversalchardet/1.0.3/cd49678784c46aa8789c060538e0154013bb421b/juniversalchardet-1.0.3.jar
7ff38dbad000-7ff38dbb1000 r--s 0002a000 103:02 5374524                   /home/artur/.gradle/caches/modules-2/files-2.1/commons-io/commons-io/2.4/b1b6ea3b7e4aa4f492509a4952029cd8e48019ad/commons-io-2.4.jar
7ff38dbb1000-7ff38dbc8000 r--s 00154000 103:02 5374526                   /home/artur/.gradle/caches/modules-2/files-2.1/org.antlr/antlr4/4.5.3/f35db7e4b2446e4174ba6a73db7bd6b3e6bb5da1/antlr4-4.5.3.jar
7ff38dbc8000-7ff38dbc9000 r--s 00003000 103:02 5641573                   /home/artur/.gradle/caches/modules-2/files-2.1/com.android.databinding/baseLibrary/3.0.1/cc0483d84342e82c261aeb5fd0ef2f876b587489/baseLibrary-3.0.1.jar
7ff38dbc9000-7ff38dbf9000 r--s 00245000 103:02 5903266                   /home/artur/.gradle/caches/modules-2/files-2.1/com.google.guava/guava/22.0/3564ef3803de51fb0530a8377ec6100b33b0d073/guava-22.0.jar
7ff38dbf9000-7ff38dc01000 r--s 000a8000 103:02 5641583                   /home/artur/.gradle/caches/modules-2/files-2.1/com.android.tools.external.lombok/lombok-ast/0.2.3/528b6f8bde3157f17530aa366631f2aad2a6cf9/lombok-ast-0.2.3.jar
7ff38dc01000-7ff38dc05000 r--s 0002f000 103:02 5374504                   /home/artur/.gradle/caches/modules-2/files-2.1/com.google.jimfs/jimfs/1.1/8fbd0579dc68aba6186935cc1bee21d2f3e7ec1c/jimfs-1.1.jar
7ff38dc05000-7ff38dc18000 r--s 00241000 103:02 5641593                   /home/artur/.gradle/caches/modules-2/files-2.1/org.eclipse.jdt.core.compiler/ecj/4.6.1/5555607add54eb79c5a0729134e663fe2e6300c2/ecj-4.6.1.jar
7ff38dc18000-7ff38dc19000 r--s 00003000 103:02 5244165                   /home/artur/.gradle/caches/modules-2/files-2.1/com.googlecode.json-simple/json-simple/1.1/5e303a03d04e6788dddfa3655272580ae0fc13bb/json-simple-1.1.jar
7ff38dc19000-7ff38dd3e000 r--s 00f5d000 103:02 5244169                   /home/artur/.gradle/caches/modules-2/files-2.1/it.unimi.dsi/fastutil/7.2.0/5ad3a2bb04143f70aa0765fc29fc29571a7d6b34/fastutil-7.2.0.jar
7ff38dd3e000-7ff38dd89000 r--s 002ff000 103:02 5374522                   /home/artur/.gradle/caches/modules-2/files-2.1/org.bouncycastle/bcprov-jdk15on/1.56/a153c6f9744a3e9dd6feab5e210e1c9861362ec7/bcprov-jdk15on-1.56.jar
7ff38dd89000-7ff38dd9a000 r--s 00097000 103:02 5374506                   /home/artur/.gradle/caches/modules-2/files-2.1/org.bouncycastle/bcpkix-jdk15on/1.56/4648af70268b6fdb24674fb1fd7c1fcc73db1231/bcpkix-jdk15on-1.56.jar
7ff38dd9a000-7ff38dd9c000 r--s 00002000 103:02 5244159                   /home/artur/.gradle/caches/modules-2/files-2.1/com.squareup/javawriter/2.5.0/81241ff7078ef14f42ea2a8995fa09c096256e6b/javawriter-2.5.0.jar
7ff38dd9c000-7ff38dda1000 r--s 0003b000 103:02 5641567                   /home/artur/.gradle/caches/modules-2/files-2.1/com.android.tools.build/apksig/3.0.1/535b9323a1bd47e3a9c860d11f4e11a80db13f2b/apksig-3.0.1.jar
7ff38dda1000-7ff38dda4000 r--s 00024000 103:02 5641569                   /home/artur/.gradle/caches/modules-2/files-2.1/com.android.tools/common/26.0.1/38e362a43a905b6745d609bea37faddb0c5bffab/common-26.0.1.jar
7ff38dda4000-7ff38dda6000 r--s 00006000 103:02 5641563                   /home/artur/.gradle/caches/modules-2/files-2.1/com.android.tools/dvlib/26.0.1/46f3eeaf812811374b4ea2c49ad52687a7ff6a87/dvlib-26.0.1.jar
7ff38dda6000-7ff38dda9000 r--s 00014000 103:02 5641565                   /home/artur/.gradle/caches/modules-2/files-2.1/com.android.tools.layoutlib/layoutlib-api/26.0.1/4eb1f46803873ff996f2457d1dd64c5c305818d8/layoutlib-api-26.0.1.jar
7ff38dda9000-7ff38ddae000 r--s 0004d000 103:02 5641559                   /home/artur/.gradle/caches/modules-2/files-2.1/com.android.tools.ddms/ddmlib/26.0.1/d4bcdb3a578812688ccc34f1359702601fea955d/ddmlib-26.0.1.jar
7ff38ddae000-7ff38ddaf000 r--s 00003000 103:02 5380608                   /home/artur/.gradle/caches/modules-2/files-2.1/com.android.tools.build/builder-test-api/3.0.1/5f084a2888a7f638c4c89c3278760345b1fb4c8/builder-test-api-3.0.1.jar
7ff38ddaf000-7ff38ddb2000 r--s 00007000 103:02 5641555                   /home/artur/.gradle/caches/modules-2/files-2.1/com.android.tools.build/builder-model/3.0.1/e9de7e34339a8eb90fda30ac6bf580d5f2c4f282/builder-model-3.0.1.jar
7ff38ddb2000-7ff38ddc1000 r--s 00130000 103:02 5641589                   /home/artur/.gradle/caches/modules-2/files-2.1/com.google.protobuf/protobuf-java/3.0.0/6d325aa7c921661d84577c0a93d82da4df9fa4c8/protobuf-java-3.0.0.jar
7ff38ddc1000-7ff38ddd4000 r--s 001a8000 103:02 5641571                   /home/artur/.gradle/caches/modules-2/files-2.1/com.android.tools.analytics-library/protos/26.0.1/7719e7ed7498e25ec555bdfcb7a4de0e88a47ea/protos-26.0.1.jar
7ff38ddd4000-7ff38ddd5000 r--s 00005000 103:02 4734667                   /home/artur/.gradle/caches/modules-2/files-2.1/com.android.tools.analytics-library/shared/26.0.1/5cfc3811c2fd6cddfce2ec1bb5fbbec87e0fc462/shared-26.0.1.jar
7ff38ddd5000-7ff38ddd7000 r--s 00004000 103:02 5641551                   /home/artur/.gradle/caches/modules-2/files-2.1/com.android.tools.analytics-library/tracker/26.0.1/15f0c0560c8a97700651d2dd5219937baa80c166/tracker-26.0.1.jar
7ff38ddd7000-7ff38ddd9000 r--s 00002000 103:02 4854512                   /home/artur/.gradle/caches/modules-2/files-2.1/net.sf.proguard/proguard-gradle/5.3.3/ad23a0505f58d0dfc95bb1472decc397460406c9/proguard-gradle-5.3.3.jar
7ff38ddd9000-7ff38dddb000 r--s 0000f000 103:02 4853541                   /home/artur/.gradle/caches/modules-2/files-2.1/net.sf.jopt-simple/jopt-simple/4.9/ee9e9eaa0a35360dcfeac129ff4923215fd65904/jopt-simple-4.9.jar
7ff38dddb000-7ff38dddf000 r--s 0001e000 103:02 5641557                   /home/artur/.gradle/caches/modules-2/files-2.1/org.jacoco/org.jacoco.core/0.7.4.201502262128/31482f50411a3a5769b6c78fa9b97ba731c205e7/org.jacoco.core-0.7.4.201502262128.jar
7ff38dddf000-7ff38dde2000 r--s 00020000 103:02 5641553                   /home/artur/.gradle/caches/modules-2/files-2.1/org.jacoco/org.jacoco.report/0.7.4.201502262128/5c6bb5f95ae695dc4510b95f7d5ad0397e4881ad/org.jacoco.report-0.7.4.201502262128.jar
7ff38dde2000-7ff38dde4000 r--s 0000c000 103:02 4854514                   /home/artur/.gradle/caches/modules-2/files-2.1/org.ow2.asm/asm/5.1/5ef31c4fe953b1fd00b8a88fa1d6820e8785bb45/asm-5.1.jar
7ff38dde4000-7ff38dde6000 r--s 00006000 103:02 4984328                   /home/artur/.gradle/caches/modules-2/files-2.1/org.ow2.asm/asm-tree/5.1/87b38c12a0ea645791ead9d3e74ae5268d1d6c34/asm-tree-5.1.jar
7ff38dde6000-7ff38dde7000 r--s 0000a000 103:02 4854510                   /home/artur/.gradle/caches/modules-2/files-2.1/org.ow2.asm/asm-util/5.1/b60e33a6bd0d71831e0c249816d01e6c1dd90a47/asm-util-5.1.jar
7ff38dde7000-7ff38dde9000 r--s 0000a000 103:02 4724895                   /home/artur/.gradle/caches/modules-2/files-2.1/org.ow2.asm/asm-commons/5.1/25d8a575034dd9cfcb375a39b5334f0ba9c8474e/asm-commons-5.1.jar
7ff38dde9000-7ff38ddea000 r--s 00004000 103:02 4854508                   /home/artur/.gradle/caches/modules-2/files-2.1/org.ow2.asm/asm-analysis/5.1/6d1bf8989fc7901f868bee3863c44f21aa63d110/asm-analysis-5.1.jar
7ff38ddea000-7ff38ddeb000 r--s 00000000 103:02 4592989                   /home/artur/.gradle/caches/modules-2/files-2.1/com.android.tools.build/transform-api/2.0.0-deprecated-use-gradle-api/47f6c56527c42425742fa9b56ffd3fd80763fe03/transform-api-2.0.0-deprecated-use-gradle-api.jar
7ff38ddeb000-7ff38ddfa000 r--s 000c8000 103:02 5641585                   /home/artur/.gradle/caches/modules-2/files-2.1/org.jetbrains.kotlin/kotlin-stdlib/1.1.3-2/9b44c139a4ec57031e0c84ba0e49ba16df6d801c/kotlin-stdlib-1.1.3-2.jar
7ff38ddfa000-7ff38de2c000 r--s 0021b000 103:02 5641591                   /home/artur/.gradle/caches/modules-2/files-2.1/org.jetbrains.kotlin/kotlin-reflect/1.1.3-2/2104f139db2a2d230c529b004c34a0993c4c2f19/kotlin-reflect-1.1.3-2.jar
7ff38de2c000-7ff38de32000 r--s 00030000 103:02 5641545                   /home/artur/.gradle/caches/modules-2/files-2.1/com.android.tools/repository/26.0.1/bc0dfe02af8d075f6b7ad63a202ed4c63a6a647d/repository-26.0.1.jar
7ff38de32000-7ff38de3d000 r--s 0009b000 103:02 5641547                   /home/artur/.gradle/caches/modules-2/files-2.1/com.android.tools/sdklib/26.0.1/bdb4723f8e3791f1d3911b1f191acf25840f352a/sdklib-26.0.1.jar
7ff38de3d000-7ff38de4c000 r--s 000da000 103:02 5641549                   /home/artur/.gradle/caches/modules-2/files-2.1/com.android.tools/sdk-common/26.0.1/9ddd2fa552e7b49548c421c0be4e65dc9a245f69/sdk-common-26.0.1.jar
7ff38de4c000-7ff38de50000 r--s 00023000 103:02 5641543                   /home/artur/.gradle/caches/modules-2/files-2.1/com.android.tools.build/manifest-merger/26.0.1/700cbb1ed4066f48d4970f5669c44a51bd03142/manifest-merger-26.0.1.jar
7ff38de50000-7ff38de54000 r--s 0002e000 103:02 5641541                   /home/artur/.gradle/caches/modules-2/files-2.1/com.android.databinding/compilerCommon/3.0.1/7f51b3e1636063e491131a0b0436512131cb1bdc/compilerCommon-3.0.1.jar
7ff38de54000-7ff38de56000 r--s 00003000 103:02 5512417                   /home/artur/.gradle/caches/modules-2/files-2.1/com.android.tools.build/gradle-api/3.0.1/92640ae3c543aa3faee7b954ce641d03949d4401/gradle-api-3.0.1.jar
7ff38de56000-7ff38de65000 r--s 000cb000 103:02 271645                    /home/artur/.gradle/caches/modules-2/files-2.1/com.android.tools.external.org-jetbrains/uast/26.0.1/663906c592ce867fa2e9bcbffbe2130397078132/uast-26.0.1.jar
7ff38de65000-7ff38de6c000 r--s 0007f000 103:02 399503                    /home/artur/.gradle/caches/modules-2/files-2.1/com.android.tools.lint/lint-api/26.0.1/2d4dd9f4676fbb152e4baf6f6f4cbbb868521832/lint-api-26.0.1.jar
7ff38de6c000-7ff38de75000 r--s 000ff000 103:02 399501                    /home/artur/.gradle/caches/modules-2/files-2.1/com.android.tools.lint/lint-checks/26.0.1/a5df32c64598e190808accaa03820fb9db9f8201/lint-checks-26.0.1.jar
7ff38de75000-7ff38de78000 r--s 00039000 103:02 271643                    /home/artur/.gradle/caches/modules-2/files-2.1/com.android.tools.lint/lint/26.0.1/541bfb082a95a3b55d0158d69b067f1d7c623122/lint-26.0.1.jar
7ff38de78000-7ff38e078000 rw-p 00000000 00:00 0 
7ff38e078000-7ff38e07b000 ---p 00000000 00:00 0 
7ff38e07b000-7ff38e179000 rw-p 00000000 00:00 0 
7ff38e179000-7ff38e17c000 ---p 00000000 00:00 0 
7ff38e17c000-7ff38e27a000 rw-p 00000000 00:00 0 
7ff38e27a000-7ff38e27d000 ---p 00000000 00:00 0 
7ff38e27d000-7ff38e37b000 rw-p 00000000 00:00 0 
7ff38e37b000-7ff38e37e000 ---p 00000000 00:00 0 
7ff38e37e000-7ff38e47c000 rw-p 00000000 00:00 0 
7ff38e47c000-7ff38e47f000 ---p 00000000 00:00 0 
7ff38e47f000-7ff38e57d000 rw-p 00000000 00:00 0 
7ff38e57d000-7ff38e580000 ---p 00000000 00:00 0 
7ff38e580000-7ff38e67e000 rw-p 00000000 00:00 0 
7ff38e67e000-7ff38e681000 ---p 00000000 00:00 0 
7ff38e681000-7ff38e77f000 rw-p 00000000 00:00 0 
7ff38e77f000-7ff38e782000 ---p 00000000 00:00 0 
7ff38e782000-7ff38ea80000 rw-p 00000000 00:00 0 
7ff38ea80000-7ff38ea83000 ---p 00000000 00:00 0 
7ff38ea83000-7ff38ed81000 rw-p 00000000 00:00 0 
7ff38ed81000-7ff38ef81000 rw-p 00000000 00:00 0 
7ff38ef81000-7ff38f181000 rw-p 00000000 00:00 0 
7ff38f181000-7ff38f381000 rw-p 00000000 00:00 0 
7ff38f381000-7ff38f581000 rw-p 00000000 00:00 0 
7ff38f581000-7ff38f5fa000 r--s 01101000 103:01 932067                    /usr/lib/jvm/java-8-openjdk-amd64/lib/tools.jar
7ff38f5fa000-7ff38f5fd000 ---p 00000000 00:00 0 
7ff38f5fd000-7ff38f8fb000 rw-p 00000000 00:00 0 
7ff38f8fb000-7ff38f8fe000 ---p 00000000 00:00 0 
7ff38f8fe000-7ff38f9fc000 rw-p 00000000 00:00 0 
7ff38f9fc000-7ff38f9ff000 ---p 00000000 00:00 0 
7ff38f9ff000-7ff38fcfd000 rw-p 00000000 00:00 0 
7ff38fcfd000-7ff38fd00000 ---p 00000000 00:00 0 
7ff38fd00000-7ff38fdfe000 rw-p 00000000 00:00 0 
7ff38fdfe000-7ff38fe01000 ---p 00000000 00:00 0 
7ff38fe01000-7ff38feff000 rw-p 00000000 00:00 0 
7ff38feff000-7ff38ff02000 ---p 00000000 00:00 0 
7ff38ff02000-7ff390000000 rw-p 00000000 00:00 0 
7ff390000000-7ff390021000 rw-p 00000000 00:00 0 
7ff390021000-7ff394000000 ---p 00000000 00:00 0 
7ff394000000-7ff394030000 r--s 01983000 103:02 5641587                   /home/artur/.gradle/caches/modules-2/files-2.1/com.android.tools.build/builder/3.0.1/1f896967507729bb35ac727c03d3b9306fe87b7d/builder-3.0.1.jar
7ff394030000-7ff394053000 r--s 0020b000 103:02 5641561                   /home/artur/.gradle/caches/modules-2/files-2.1/com.android.tools.build/gradle-core/3.0.1/c2945119335b491ca56e4042f7c8c55dccf5c9c2/gradle-core-3.0.1.jar
7ff394053000-7ff394055000 r--s 0000f000 103:02 4734665                   /home/artur/.gradle/caches/modules-2/files-2.1/com.android.tools.build/gradle/3.0.1/cfa107d4db0c11c11f445a11e768adf61c72ce06/gradle-3.0.1.jar
7ff394055000-7ff394058000 ---p 00000000 00:00 0 
7ff394058000-7ff394156000 rw-p 00000000 00:00 0 
7ff394156000-7ff394159000 ---p 00000000 00:00 0 
7ff394159000-7ff394257000 rw-p 00000000 00:00 0 
7ff394257000-7ff39425a000 ---p 00000000 00:00 0 
7ff39425a000-7ff394358000 rw-p 00000000 00:00 0 
7ff394358000-7ff39435b000 ---p 00000000 00:00 0 
7ff39435b000-7ff394459000 rw-p 00000000 00:00 0 
7ff394459000-7ff394460000 r--s 00000000 103:01 791927                    /usr/lib/x86_64-linux-gnu/gconv/gconv-modules.cache
7ff394460000-7ff394463000 ---p 00000000 00:00 0 
7ff394463000-7ff394561000 rw-p 00000000 00:00 0 
7ff394561000-7ff394566000 r--s 000a0000 103:01 793929                    /usr/lib/jvm/java-8-openjdk-amd64/jre/lib/jsse.jar
7ff394566000-7ff394766000 rw-p 00000000 00:00 0 
7ff394766000-7ff39476f000 r-xp 00000000 103:01 793889                    /usr/lib/jvm/java-8-openjdk-amd64/jre/lib/amd64/libmanagement.so
7ff39476f000-7ff39496e000 ---p 00009000 103:01 793889                    /usr/lib/jvm/java-8-openjdk-amd64/jre/lib/amd64/libmanagement.so
7ff39496e000-7ff39496f000 r--p 00008000 103:01 793889                    /usr/lib/jvm/java-8-openjdk-amd64/jre/lib/amd64/libmanagement.so
7ff39496f000-7ff394970000 rw-p 00009000 103:01 793889                    /usr/lib/jvm/java-8-openjdk-amd64/jre/lib/amd64/libmanagement.so
7ff394970000-7ff394972000 r--s 00007000 103:02 4593329                   /home/artur/.gradle/wrapper/dists/gradle-4.4-all/9br9xq1tocpiv8o6njlyu5op1/gradle-4.4/lib/plugins/gradle-tooling-api-builders-4.4.jar
7ff394972000-7ff394976000 r--s 00014000 103:02 4593302                   /home/artur/.gradle/wrapper/dists/gradle-4.4-all/9br9xq1tocpiv8o6njlyu5op1/gradle-4.4/lib/plugins/gradle-testing-native-4.4.jar
7ff394976000-7ff394978000 r--s 00009000 103:02 4593527                   /home/artur/.gradle/wrapper/dists/gradle-4.4-all/9br9xq1tocpiv8o6njlyu5op1/gradle-4.4/lib/plugins/hamcrest-core-1.3.jar
7ff394978000-7ff39497d000 r--s 0005a000 103:02 4593424                   /home/artur/.gradle/wrapper/dists/gradle-4.4-all/9br9xq1tocpiv8o6njlyu5op1/gradle-4.4/lib/plugins/bsh-2.0b6.jar
7ff39497d000-7ff39497f000 r--s 00006000 103:02 4593523                   /home/artur/.gradle/wrapper/dists/gradle-4.4-all/9br9xq1tocpiv8o6njlyu5op1/gradle-4.4/lib/plugins/jcommander-1.12.jar
7ff39497f000-7ff394985000 r--s 00033000 103:02 4593524                   /home/artur/.gradle/wrapper/dists/gradle-4.4-all/9br9xq1tocpiv8o6njlyu5op1/gradle-4.4/lib/plugins/snakeyaml-1.6.jar
7ff394985000-7ff39498e000 r--s 00089000 103:02 4593404                   /home/artur/.gradle/wrapper/dists/gradle-4.4-all/9br9xq1tocpiv8o6njlyu5op1/gradle-4.4/lib/plugins/testng-6.3.1.jar
7ff39498e000-7ff394996000 r--s 00045000 103:02 4593406                   /home/artur/.gradle/wrapper/dists/gradle-4.4-all/9br9xq1tocpiv8o6njlyu5op1/gradle-4.4/lib/plugins/junit-4.12.jar
7ff394996000-7ff39499a000 r--s 00019000 103:02 4593342                   /home/artur/.gradle/wrapper/dists/gradle-4.4-all/9br9xq1tocpiv8o6njlyu5op1/gradle-4.4/lib/plugins/gradle-testing-jvm-4.4.jar
7ff39499a000-7ff3949a2000 r--s 00030000 103:02 4593352                   /home/artur/.gradle/wrapper/dists/gradle-4.4-all/9br9xq1tocpiv8o6njlyu5op1/gradle-4.4/lib/plugins/gradle-testing-base-4.4.jar
7ff3949a2000-7ff3949a9000 r--s 00043000 103:02 4593391                   /home/artur/.gradle/wrapper/dists/gradle-4.4-all/9br9xq1tocpiv8o6njlyu5op1/gradle-4.4/lib/plugins/bcpg-jdk15on-1.58.jar
7ff3949a9000-7ff3949ab000 r--s 0000c000 103:02 4593300                   /home/artur/.gradle/wrapper/dists/gradle-4.4-all/9br9xq1tocpiv8o6njlyu5op1/gradle-4.4/lib/plugins/gradle-signing-4.4.jar
7ff3949ab000-7ff3949ad000 r--s 00007000 103:02 4593313                   /home/artur/.gradle/wrapper/dists/gradle-4.4-all/9br9xq1tocpiv8o6njlyu5op1/gradle-4.4/lib/plugins/gradle-scala-4.4.jar
7ff3949ad000-7ff3949ae000 r--s 00004000 103:02 4593369                   /home/artur/.gradle/wrapper/dists/gradle-4.4-all/9br9xq1tocpiv8o6njlyu5op1/gradle-4.4/lib/plugins/gradle-resources-sftp-4.4.jar
7ff3949ae000-7ff3949bc000 r--s 00087000 103:02 4593460                   /home/artur/.gradle/wrapper/dists/gradle-4.4-all/9br9xq1tocpiv8o6njlyu5op1/gradle-4.4/lib/plugins/aws-java-sdk-core-1.11.6.jar
7ff3949bc000-7ff3949c3000 r--s 00057000 103:02 4593455                   /home/artur/.gradle/wrapper/dists/gradle-4.4-all/9br9xq1tocpiv8o6njlyu5op1/gradle-4.4/lib/plugins/aws-java-sdk-kms-1.11.6.jar
7ff3949c3000-7ff3949d0000 r--s 0008e000 103:02 4593452                   /home/artur/.gradle/wrapper/dists/gradle-4.4-all/9br9xq1tocpiv8o6njlyu5op1/gradle-4.4/lib/plugins/aws-java-sdk-s3-1.11.6.jar
7ff3949d0000-7ff3949d2000 r--s 00004000 103:02 4593361                   /home/artur/.gradle/wrapper/dists/gradle-4.4-all/9br9xq1tocpiv8o6njlyu5op1/gradle-4.4/lib/plugins/gradle-resources-s3-4.4.jar
7ff3949d2000-7ff3949e2000 r--s 00088000 103:02 4593468                   /home/artur/.gradle/wrapper/dists/gradle-4.4-all/9br9xq1tocpiv8o6njlyu5op1/gradle-4.4/lib/plugins/joda-time-2.8.2.jar
7ff3949e2000-7ff3949f4000 r--s 0011e000 103:02 4593466                   /home/artur/.gradle/wrapper/dists/gradle-4.4-all/9br9xq1tocpiv8o6njlyu5op1/gradle-4.4/lib/plugins/jackson-databind-2.8.9.jar
7ff3949f4000-7ff3949f7000 r--s 0000b000 103:02 4593464                   /home/artur/.gradle/wrapper/dists/gradle-4.4-all/9br9xq1tocpiv8o6njlyu5op1/gradle-4.4/lib/plugins/jackson-annotations-2.8.9.jar
7ff3949f7000-7ff3949fb000 r--s 00042000 103:02 4593461                   /home/artur/.gradle/wrapper/dists/gradle-4.4-all/9br9xq1tocpiv8o6njlyu5op1/gradle-4.4/lib/plugins/jackson-core-2.8.9.jar
7ff3949fb000-7ff3949fc000 r--s 00001000 103:02 4593380                   /home/artur/.gradle/wrapper/dists/gradle-4.4-all/9br9xq1tocpiv8o6njlyu5op1/gradle-4.4/lib/plugins/google-http-client-jackson2-1.22.0.jar
7ff3949fc000-7ff394a05000 r--s 0004f000 103:02 4593381                   /home/artur/.gradle/wrapper/dists/gradle-4.4-all/9br9xq1tocpiv8o6njlyu5op1/gradle-4.4/lib/plugins/google-http-client-1.22.0.jar
7ff394a05000-7ff394a07000 r--s 0000d000 103:02 4593379                   /home/artur/.gradle/wrapper/dists/gradle-4.4-all/9br9xq1tocpiv8o6njlyu5op1/gradle-4.4/lib/plugins/google-oauth-client-1.22.0.jar
7ff394a07000-7ff394a0c000 r--s 0002c000 103:02 4593377                   /home/artur/.gradle/wrapper/dists/gradle-4.4-all/9br9xq1tocpiv8o6njlyu5op1/gradle-4.4/lib/plugins/google-api-client-1.22.0.jar
7ff394a0c000-7ff394a0f000 r--s 00016000 103:02 4593376                   /home/artur/.gradle/wrapper/dists/gradle-4.4-all/9br9xq1tocpiv8o6njlyu5op1/gradle-4.4/lib/plugins/google-api-services-storage-v1-rev78-1.22.0.jar
7ff394a0f000-7ff394a11000 r--s 00003000 103:02 4593364                   /home/artur/.gradle/wrapper/dists/gradle-4.4-all/9br9xq1tocpiv8o6njlyu5op1/gradle-4.4/lib/plugins/gradle-resources-gcs-4.4.jar
7ff394a11000-7ff394a13000 r--s 00010000 103:02 4593353                   /home/artur/.gradle/wrapper/dists/gradle-4.4-all/9br9xq1tocpiv8o6njlyu5op1/gradle-4.4/lib/plugins/gradle-reporting-4.4.jar
7ff394a13000-7ff394a15000 r--s 00005000 103:02 4593355                   /home/artur/.gradle/wrapper/dists/gradle-4.4-all/9br9xq1tocpiv8o6njlyu5op1/gradle-4.4/lib/plugins/gradle-publish-4.4.jar
7ff394a15000-7ff394a17000 r--s 00009000 103:02 4593383                   /home/artur/.gradle/wrapper/dists/gradle-4.4-all/9br9xq1tocpiv8o6njlyu5op1/gradle-4.4/lib/plugins/commons-cli-1.2.jar
7ff394a17000-7ff394a1d000 r--s 00038000 103:02 4593327                   /home/artur/.gradle/wrapper/dists/gradle-4.4-all/9br9xq1tocpiv8o6njlyu5op1/gradle-4.4/lib/plugins/gradle-plugins-4.4.jar
7ff394a1d000-7ff394a1f000 r--s 00009000 103:02 4593304                   /home/artur/.gradle/wrapper/dists/gradle-4.4-all/9br9xq1tocpiv8o6njlyu5op1/gradle-4.4/lib/plugins/gradle-plugin-development-4.4.jar
7ff394a1f000-7ff394a26000 r--s 0002e000 103:02 4593319                   /home/artur/.gradle/wrapper/dists/gradle-4.4-all/9br9xq1tocpiv8o6njlyu5op1/gradle-4.4/lib/plugins/gradle-platform-play-4.4.jar
7ff394a26000-7ff394a37000 r--s 00069000 103:02 4593349                   /home/artur/.gradle/wrapper/dists/gradle-4.4-all/9br9xq1tocpiv8o6njlyu5op1/gradle-4.4/lib/plugins/gradle-platform-native-4.4.jar
7ff394a37000-7ff394a3b000 r--s 0001b000 103:02 4593347                   /home/artur/.gradle/wrapper/dists/gradle-4.4-all/9br9xq1tocpiv8o6njlyu5op1/gradle-4.4/lib/plugins/gradle-platform-jvm-4.4.jar
7ff394a3b000-7ff394a42000 r--s 00028000 103:02 4593356                   /home/artur/.gradle/wrapper/dists/gradle-4.4-all/9br9xq1tocpiv8o6njlyu5op1/gradle-4.4/lib/plugins/gradle-platform-base-4.4.jar
7ff394a42000-7ff394a6d000 r--s 00247000 103:02 4593384                   /home/artur/.gradle/wrapper/dists/gradle-4.4-all/9br9xq1tocpiv8o6njlyu5op1/gradle-4.4/lib/plugins/biz.aQute.bndlib-3.4.0.jar
7ff394a6d000-7ff394a6e000 r--s 00004000 103:02 4593299                   /home/artur/.gradle/wrapper/dists/gradle-4.4-all/9br9xq1tocpiv8o6njlyu5op1/gradle-4.4/lib/plugins/gradle-osgi-4.4.jar
7ff394a6e000-7ff394a71000 r--s 0000c000 103:02 4593387                   /home/artur/.gradle/wrapper/dists/gradle-4.4-all/9br9xq1tocpiv8o6njlyu5op1/gradle-4.4/lib/plugins/pmaven-groovy-0.8-20100325.jar
7ff394a71000-7ff394a72000 r--s 00004000 103:02 4593386                   /home/artur/.gradle/wrapper/dists/gradle-4.4-all/9br9xq1tocpiv8o6njlyu5op1/gradle-4.4/lib/plugins/pmaven-common-0.8-20100325.jar
7ff394a72000-7ff394a78000 r--s 00025000 103:02 4593307                   /home/artur/.gradle/wrapper/dists/gradle-4.4-all/9br9xq1tocpiv8o6njlyu5op1/gradle-4.4/lib/plugins/gradle-maven-4.4.jar
7ff394a78000-7ff394a7b000 r--s 0000b000 103:02 4593341                   /home/artur/.gradle/wrapper/dists/gradle-4.4-all/9br9xq1tocpiv8o6njlyu5op1/gradle-4.4/lib/plugins/gradle-language-scala-4.4.jar
7ff394a7b000-7ff394a84000 r--s 00036000 103:02 4593303                   /home/artur/.gradle/wrapper/dists/gradle-4.4-all/9br9xq1tocpiv8o6njlyu5op1/gradle-4.4/lib/plugins/gradle-language-native-4.4.jar
7ff394a84000-7ff394a86000 r--s 00005000 103:02 4593345                   /home/artur/.gradle/wrapper/dists/gradle-4.4-all/9br9xq1tocpiv8o6njlyu5op1/gradle-4.4/lib/plugins/gradle-language-jvm-4.4.jar
7ff394a86000-7ff394a8d000 r--s 00030000 103:02 4593343                   /home/artur/.gradle/wrapper/dists/gradle-4.4-all/9br9xq1tocpiv8o6njlyu5op1/gradle-4.4/lib/plugins/gradle-language-java-4.4.jar
7ff394a8d000-7ff394a90000 r--s 0000a000 103:02 4593339                   /home/artur/.gradle/wrapper/dists/gradle-4.4-all/9br9xq1tocpiv8o6njlyu5op1/gradle-4.4/lib/plugins/gradle-language-groovy-4.4.jar
7ff394a90000-7ff394a97000 r--s 00035000 103:02 4593398                   /home/artur/.gradle/wrapper/dists/gradle-4.4-all/9br9xq1tocpiv8o6njlyu5op1/gradle-4.4/lib/plugins/simple-4.1.21.jar
7ff394a97000-7ff394aa3000 r--s 00100000 103:02 4593395                   /home/artur/.gradle/wrapper/dists/gradle-4.4-all/9br9xq1tocpiv8o6njlyu5op1/gradle-4.4/lib/plugins/rhino-1.7R3.jar
7ff394aa3000-7ff394aa7000 r--s 00011000 103:02 4593321                   /home/artur/.gradle/wrapper/dists/gradle-4.4-all/9br9xq1tocpiv8o6njlyu5op1/gradle-4.4/lib/plugins/gradle-javascript-4.4.jar
7ff394aa7000-7ff394aaa000 r--s 00011000 103:02 4593325                   /home/artur/.gradle/wrapper/dists/gradle-4.4-all/9br9xq1tocpiv8o6njlyu5op1/gradle-4.4/lib/plugins/gradle-jacoco-4.4.jar
7ff394aaa000-7ff394aae000 r--s 0000e000 103:02 4593323                   /home/artur/.gradle/wrapper/dists/gradle-4.4-all/9br9xq1tocpiv8o6njlyu5op1/gradle-4.4/lib/plugins/gradle-ivy-4.4.jar
7ff394aae000-7ff394aaf000 r--s 00002000 103:02 4593309                   /home/artur/.gradle/wrapper/dists/gradle-4.4-all/9br9xq1tocpiv8o6njlyu5op1/gradle-4.4/lib/plugins/gradle-ide-play-4.4.jar
7ff394aaf000-7ff394ab0000 r--s 00011000 103:02 4593400                   /home/artur/.gradle/wrapper/dists/gradle-4.4-all/9br9xq1tocpiv8o6njlyu5op1/gradle-4.4/lib/plugins/dd-plist-1.20.jar
7ff394ab0000-7ff394ab6000 r--s 00027000 103:02 4593301                   /home/artur/.gradle/wrapper/dists/gradle-4.4-all/9br9xq1tocpiv8o6njlyu5op1/gradle-4.4/lib/plugins/gradle-ide-native-4.4.jar
7ff394ab6000-7ff394ac0000 r--s 00056000 103:02 4593311                   /home/artur/.gradle/wrapper/dists/gradle-4.4-all/9br9xq1tocpiv8o6njlyu5op1/gradle-4.4/lib/plugins/gradle-ide-4.4.jar
7ff394ac0000-7ff394ac2000 r--s 00007000 103:02 4593318                   /home/artur/.gradle/wrapper/dists/gradle-4.4-all/9br9xq1tocpiv8o6njlyu5op1/gradle-4.4/lib/plugins/gradle-ear-4.4.jar
7ff394ac2000-7ff394ac4000 r--s 00005000 103:02 4593374                   /home/artur/.gradle/wrapper/dists/gradle-4.4-all/9br9xq1tocpiv8o6njlyu5op1/gradle-4.4/lib/plugins/jatl-0.2.2.jar
7ff394ac4000-7ff394aca000 r--s 00039000 103:02 4593351                   /home/artur/.gradle/wrapper/dists/gradle-4.4-all/9br9xq1tocpiv8o6njlyu5op1/gradle-4.4/lib/plugins/gradle-diagnostics-4.4.jar
7ff394aca000-7ff394acc000 r--s 0000b000 103:02 4593335                   /home/artur/.gradle/wrapper/dists/gradle-4.4-all/9br9xq1tocpiv8o6njlyu5op1/gradle-4.4/lib/plugins/gradle-composite-builds-4.4.jar
7ff394acc000-7ff394ad1000 r--s 00026000 103:02 4593297                   /home/artur/.gradle/wrapper/dists/gradle-4.4-all/9br9xq1tocpiv8o6njlyu5op1/gradle-4.4/lib/plugins/gradle-code-quality-4.4.jar
7ff394ad1000-7ff394ad6000 r--s 00022000 103:02 4593326                   /home/artur/.gradle/wrapper/dists/gradle-4.4-all/9br9xq1tocpiv8o6njlyu5op1/gradle-4.4/lib/plugins/gradle-build-init-4.4.jar
7ff394ad6000-7ff394add000 r--s 0005d000 103:02 4593315                   /home/artur/.gradle/wrapper/dists/gradle-4.4-all/9br9xq1tocpiv8o6njlyu5op1/gradle-4.4/lib/plugins/gradle-build-comparison-4.4.jar
7ff394add000-7ff394ade000 r--s 00002000 103:02 4593365                   /home/artur/.gradle/wrapper/dists/gradle-4.4-all/9br9xq1tocpiv8o6njlyu5op1/gradle-4.4/lib/plugins/gradle-build-cache-http-4.4.jar
7ff394ade000-7ff394ae0000 r--s 00008000 103:02 4593298                   /home/artur/.gradle/wrapper/dists/gradle-4.4-all/9br9xq1tocpiv8o6njlyu5op1/gradle-4.4/lib/plugins/gradle-antlr-4.4.jar
7ff394ae0000-7ff394ae2000 r--s 00004000 103:02 4593337                   /home/artur/.gradle/wrapper/dists/gradle-4.4-all/9br9xq1tocpiv8o6njlyu5op1/gradle-4.4/lib/plugins/gradle-announce-4.4.jar
7ff394ae2000-7ff394ae4000 r--s 00009000 103:02 4461199                   /home/artur/.gradle/wrapper/dists/gradle-4.4-all/9br9xq1tocpiv8o6njlyu5op1/gradle-4.4/lib/gradle-kotlin-dsl-tooling-builders-0.13.1.jar
7ff394ae4000-7ff394ae7000 r--s 0000b000 103:02 4593358                   /home/artur/.gradle/wrapper/dists/gradle-4.4-all/9br9xq1tocpiv8o6njlyu5op1/gradle-4.4/lib/plugins/gradle-plugin-use-4.4.jar
7ff394ae7000-7ff394ae8000 r--s 00000000 103:02 4461208                   /home/artur/.gradle/wrapper/dists/gradle-4.4-all/9br9xq1tocpiv8o6njlyu5op1/gradle-4.4/lib/gradle-runtime-api-info-4.4.jar
7ff394ae8000-7ff394aeb000 r--s 0001c000 103:02 4593436                   /home/artur/.gradle/wrapper/dists/gradle-4.4-all/9br9xq1tocpiv8o6njlyu5op1/gradle-4.4/lib/plugins/nekohtml-1.9.14.jar
7ff394aeb000-7ff394b04000 r--s 00135000 103:02 4593439                   /home/artur/.gradle/wrapper/dists/gradle-4.4-all/9br9xq1tocpiv8o6njlyu5op1/gradle-4.4/lib/plugins/xercesImpl-2.11.0.jar
7ff394b04000-7ff394b07000 r--s 0000c000 103:02 4593368                   /home/artur/.gradle/wrapper/dists/gradle-4.4-all/9br9xq1tocpiv8o6njlyu5op1/gradle-4.4/lib/plugins/gradle-resources-http-4.4.jar
7ff394b07000-7ff394b0e000 r--s 00049000 103:02 4593525                   /home/artur/.gradle/wrapper/dists/gradle-4.4-all/9br9xq1tocpiv8o6njlyu5op1/gradle-4.4/lib/plugins/httpcore-4.4.4.jar
7ff394b0e000-7ff394b14000 r--s 00033000 103:02 4593389                   /home/artur/.gradle/wrapper/dists/gradle-4.4-all/9br9xq1tocpiv8o6njlyu5op1/gradle-4.4/lib/plugins/commons-codec-1.6.jar
7ff394b14000-7ff394b1a000 r--s 0005b000 103:02 4593433                   /home/artur/.gradle/wrapper/dists/gradle-4.4-all/9br9xq1tocpiv8o6njlyu5op1/gradle-4.4/lib/plugins/jcifs-1.3.17.jar
7ff394b1a000-7ff394b27000 r--s 000a4000 103:02 4593382                   /home/artur/.gradle/wrapper/dists/gradle-4.4-all/9br9xq1tocpiv8o6njlyu5op1/gradle-4.4/lib/plugins/httpclient-4.4.1.jar
7ff394b27000-7ff394b4a000 r--s 00223000 103:02 4593526                   /home/artur/.gradle/wrapper/dists/gradle-4.4-all/9br9xq1tocpiv8o6njlyu5op1/gradle-4.4/lib/plugins/org.eclipse.jgit-4.5.3.201708160445-r.jar
7ff394b4a000-7ff394b4b000 r--s 00005000 103:02 4593373                   /home/artur/.gradle/wrapper/dists/gradle-4.4-all/9br9xq1tocpiv8o6njlyu5op1/gradle-4.4/lib/plugins/gradle-version-control-4.4.jar
7ff394b4b000-7ff394b4c000 r--s 00000000 103:02 4461211                   /home/artur/.gradle/wrapper/dists/gradle-4.4-all/9br9xq1tocpiv8o6njlyu5op1/gradle-4.4/lib/gradle-installation-beacon-4.4.jar
7ff394b4c000-7ff394b9f000 r--s 00373000 103:02 4593470                   /home/artur/.gradle/wrapper/dists/gradle-4.4-all/9br9xq1tocpiv8o6njlyu5op1/gradle-4.4/lib/plugins/bcprov-jdk15on-1.58.jar
7ff394b9f000-7ff394ba3000 r--s 0001d000 103:02 4593469                   /home/artur/.gradle/wrapper/dists/gradle-4.4-all/9br9xq1tocpiv8o6njlyu5op1/gradle-4.4/lib/plugins/xbean-reflect-3.4.jar
7ff394ba3000-7ff394ba5000 r--s 0000a000 103:02 4593472                   /home/artur/.gradle/wrapper/dists/gradle-4.4-all/9br9xq1tocpiv8o6njlyu5op1/gradle-4.4/lib/plugins/maven-settings-3.0.4.jar
7ff394ba5000-7ff394ba8000 r--s 00008000 103:02 4593474                   /home/artur/.gradle/wrapper/dists/gradle-4.4-all/9br9xq1tocpiv8o6njlyu5op1/gradle-4.4/lib/plugins/maven-settings-builder-3.0.4.jar
7ff394ba8000-7ff394bab000 r--s 00034000 103:02 4593475                   /home/artur/.gradle/wrapper/dists/gradle-4.4-all/9br9xq1tocpiv8o6njlyu5op1/gradle-4.4/lib/plugins/plexus-utils-2.1.jar
7ff394bab000-7ff394bad000 r--s 0000d000 103:02 4593476                   /home/artur/.gradle/wrapper/dists/gradle-4.4-all/9br9xq1tocpiv8o6njlyu5op1/gradle-4.4/lib/plugins/plexus-interpolation-1.14.jar
7ff394bad000-7ff394baf000 r--s 00000000 103:02 4593388                   /home/artur/.gradle/wrapper/dists/gradle-4.4-all/9br9xq1tocpiv8o6njlyu5op1/gradle-4.4/lib/plugins/plexus-component-annotations-1.5.5.jar
7ff394baf000-7ff394bb6000 r--s 0002e000 103:02 4593478                   /home/artur/.gradle/wrapper/dists/gradle-4.4-all/9br9xq1tocpiv8o6njlyu5op1/gradle-4.4/lib/plugins/plexus-container-default-1.5.5.jar
7ff394bb6000-7ff394bb8000 r--s 0000a000 103:02 4593504                   /home/artur/.gradle/wrapper/dists/gradle-4.4-all/9br9xq1tocpiv8o6njlyu5op1/gradle-4.4/lib/plugins/plexus-classworlds-2.4.jar
7ff394bb8000-7ff394bba000 r--s 00002000 103:02 4593505                   /home/artur/.gradle/wrapper/dists/gradle-4.4-all/9br9xq1tocpiv8o6njlyu5op1/gradle-4.4/lib/plugins/plexus-cipher-1.7.jar
7ff394bba000-7ff394bbb000 r--s 00006000 103:02 4593506                   /home/artur/.gradle/wrapper/dists/gradle-4.4-all/9br9xq1tocpiv8o6njlyu5op1/gradle-4.4/lib/plugins/plexus-sec-dispatcher-1.3.jar
7ff394bbb000-7ff394bc1000 r--s 0003f000 103:02 4593507                   /home/artur/.gradle/wrapper/dists/gradle-4.4-all/9br9xq1tocpiv8o6njlyu5op1/gradle-4.4/lib/plugins/maven-compat-3.0.4.jar
7ff394bc1000-7ff394bc5000 r--s 00021000 103:02 4593508                   /home/artur/.gradle/wrapper/dists/gradle-4.4-all/9br9xq1tocpiv8o6njlyu5op1/gradle-4.4/lib/plugins/maven-model-builder-3.0.4.jar
7ff394bc5000-7ff394bc7000 r--s 00026000 103:02 4593509                   /home/artur/.gradle/wrapper/dists/gradle-4.4-all/9br9xq1tocpiv8o6njlyu5op1/gradle-4.4/lib/plugins/maven-model-3.0.4.jar
7ff394bc7000-7ff394bc9000 r--s 0000b000 103:02 4593510                   /home/artur/.gradle/wrapper/dists/gradle-4.4-all/9br9xq1tocpiv8o6njlyu5op1/gradle-4.4/lib/plugins/maven-artifact-3.0.4.jar
7ff394bc9000-7ff394bcb000 r--s 00006000 103:02 4593511                   /home/artur/.gradle/wrapper/dists/gradle-4.4-all/9br9xq1tocpiv8o6njlyu5op1/gradle-4.4/lib/plugins/maven-repository-metadata-3.0.4.jar
7ff394bcb000-7ff394bcd000 r--s 0000b000 103:02 4593512                   /home/artur/.gradle/wrapper/dists/gradle-4.4-all/9br9xq1tocpiv8o6njlyu5op1/gradle-4.4/lib/plugins/maven-plugin-api-3.0.4.jar
7ff394bcd000-7ff394bcf000 r--s 0000c000 103:02 4593513                   /home/artur/.gradle/wrapper/dists/gradle-4.4-all/9br9xq1tocpiv8o6njlyu5op1/gradle-4.4/lib/plugins/maven-aether-provider-3.0.4.jar
7ff394bcf000-7ff394bd0000 r--s 00002000 103:02 4593514                   /home/artur/.gradle/wrapper/dists/gradle-4.4-all/9br9xq1tocpiv8o6njlyu5op1/gradle-4.4/lib/plugins/wagon-file-2.4.jar
7ff394bd0000-7ff394bd1000 r--s 00002000 103:02 4593515                   /home/artur/.gradle/wrapper/dists/gradle-4.4-all/9br9xq1tocpiv8o6njlyu5op1/gradle-4.4/lib/plugins/wagon-http-2.4.jar
7ff394bd1000-7ff394bd3000 r--s 0000b000 103:02 4593516                   /home/artur/.gradle/wrapper/dists/gradle-4.4-all/9br9xq1tocpiv8o6njlyu5op1/gradle-4.4/lib/plugins/wagon-provider-api-2.4.jar
7ff394bd3000-7ff394bd4000 r--s 00007000 103:02 4593517                   /home/artur/.gradle/wrapper/dists/gradle-4.4-all/9br9xq1tocpiv8o6njlyu5op1/gradle-4.4/lib/plugins/wagon-http-shared4-2.4.jar
7ff394bd4000-7ff394bd7000 r--s 00013000 103:02 4593518                   /home/artur/.gradle/wrapper/dists/gradle-4.4-all/9br9xq1tocpiv8o6njlyu5op1/gradle-4.4/lib/plugins/aether-api-1.13.1.jar
7ff394bd7000-7ff394bda000 r--s 0001d000 103:02 4593519                   /home/artur/.gradle/wrapper/dists/gradle-4.4-all/9br9xq1tocpiv8o6njlyu5op1/gradle-4.4/lib/plugins/aether-impl-1.13.1.jar
7ff394bda000-7ff394bdb000 r--s 00003000 103:02 4593520                   /home/artur/.gradle/wrapper/dists/gradle-4.4-all/9br9xq1tocpiv8o6njlyu5op1/gradle-4.4/lib/plugins/aether-spi-1.13.1.jar
7ff394bdb000-7ff394bdf000 r--s 0001c000 103:02 4593521                   /home/artur/.gradle/wrapper/dists/gradle-4.4-all/9br9xq1tocpiv8o6njlyu5op1/gradle-4.4/lib/plugins/aether-util-1.13.1.jar
7ff394bdf000-7ff394be1000 r--s 00006000 103:02 4593522                   /home/artur/.gradle/wrapper/dists/gradle-4.4-all/9br9xq1tocpiv8o6njlyu5op1/gradle-4.4/lib/plugins/aether-connector-wagon-1.13.1.jar
7ff394be1000-7ff394bed000 r--s 0007d000 103:02 4593385                   /home/artur/.gradle/wrapper/dists/gradle-4.4-all/9br9xq1tocpiv8o6njlyu5op1/gradle-4.4/lib/plugins/maven-core-3.0.4.jar
7ff394bed000-7ff394bf2000 r--s 00034000 103:02 4593396                   /home/artur/.gradle/wrapper/dists/gradle-4.4-all/9br9xq1tocpiv8o6njlyu5op1/gradle-4.4/lib/plugins/gson-2.7.jar
7ff394bf2000-7ff394bf7000 r--s 00040000 103:02 4593450                   /home/artur/.gradle/wrapper/dists/gradle-4.4-all/9br9xq1tocpiv8o6njlyu5op1/gradle-4.4/lib/plugins/jsch-0.1.54.jar
7ff394bf7000-7ff394c06000 r--s 000d9000 103:02 4593446                   /home/artur/.gradle/wrapper/dists/gradle-4.4-all/9br9xq1tocpiv8o6njlyu5op1/gradle-4.4/lib/plugins/ivy-2.2.0.jar
7ff394c06000-7ff394c2c000 r--s 00133000 103:02 4593367                   /home/artur/.gradle/wrapper/dists/gradle-4.4-all/9br9xq1tocpiv8o6njlyu5op1/gradle-4.4/lib/plugins/gradle-dependency-management-4.4.jar
7ff394c2c000-7ff394c2f000 r--s 0000d000 103:02 4593372                   /home/artur/.gradle/wrapper/dists/gradle-4.4-all/9br9xq1tocpiv8o6njlyu5op1/gradle-4.4/lib/plugins/gradle-workers-4.4.jar
7ff394c2f000-7ff394c34000 r-xp 00000000 103:02 4460110                   /home/artur/.gradle/native/25/linux-amd64/libnative-platform.so
7ff394c34000-7ff394e33000 ---p 00005000 103:02 4460110                   /home/artur/.gradle/native/25/linux-amd64/libnative-platform.so
7ff394e33000-7ff394e34000 rw-p 00004000 103:02 4460110                   /home/artur/.gradle/native/25/linux-amd64/libnative-platform.so
7ff394e34000-7ff394e46000 r-xp 00000000 103:01 793895                    /usr/lib/jvm/java-8-openjdk-amd64/jre/lib/amd64/libnio.so
7ff394e46000-7ff395045000 ---p 00012000 103:01 793895                    /usr/lib/jvm/java-8-openjdk-amd64/jre/lib/amd64/libnio.so
7ff395045000-7ff395046000 r--p 00011000 103:01 793895                    /usr/lib/jvm/java-8-openjdk-amd64/jre/lib/amd64/libnio.so
7ff395046000-7ff395047000 rw-p 00012000 103:01 793895                    /usr/lib/jvm/java-8-openjdk-amd64/jre/lib/amd64/libnio.so
7ff395047000-7ff39505e000 r-xp 00000000 103:01 793893                    /usr/lib/jvm/java-8-openjdk-amd64/jre/lib/amd64/libnet.so
7ff39505e000-7ff39525d000 ---p 00017000 103:01 793893                    /usr/lib/jvm/java-8-openjdk-amd64/jre/lib/amd64/libnet.so
7ff39525d000-7ff39525e000 r--p 00016000 103:01 793893                    /usr/lib/jvm/java-8-openjdk-amd64/jre/lib/amd64/libnet.so
7ff39525e000-7ff39525f000 rw-p 00017000 103:01 793893                    /usr/lib/jvm/java-8-openjdk-amd64/jre/lib/amd64/libnet.so
7ff39525f000-7ff395260000 r--s 00006000 103:02 4461210                   /home/artur/.gradle/wrapper/dists/gradle-4.4-all/9br9xq1tocpiv8o6njlyu5op1/gradle-4.4/lib/gradle-wrapper-4.4.jar
7ff395260000-7ff39526e000 r--s 00046000 103:02 4461209                   /home/artur/.gradle/wrapper/dists/gradle-4.4-all/9br9xq1tocpiv8o6njlyu5op1/gradle-4.4/lib/gradle-tooling-api-4.4.jar
7ff39526e000-7ff39526f000 r--s 00002000 103:02 4461206                   /home/artur/.gradle/wrapper/dists/gradle-4.4-all/9br9xq1tocpiv8o6njlyu5op1/gradle-4.4/lib/kotlin-stdlib-jre8-1.1.51.jar
7ff39526f000-7ff395270000 r--s 00000000 103:02 4461205                   /home/artur/.gradle/wrapper/dists/gradle-4.4-all/9br9xq1tocpiv8o6njlyu5op1/gradle-4.4/lib/kotlin-stdlib-jre7-1.1.51.jar
7ff395270000-7ff39527f000 r--s 000c9000 103:02 4461204                   /home/artur/.gradle/wrapper/dists/gradle-4.4-all/9br9xq1tocpiv8o6njlyu5op1/gradle-4.4/lib/kotlin-stdlib-1.1.51.jar
7ff39527f000-7ff395281000 r--s 00002000 103:02 4461203                   /home/artur/.gradle/wrapper/dists/gradle-4.4-all/9br9xq1tocpiv8o6njlyu5op1/gradle-4.4/lib/kotlin-sam-with-receiver-compiler-plugin-1.1.51.jar
7ff395281000-7ff3952b4000 r--s 0022b000 103:02 4461202                   /home/artur/.gradle/wrapper/dists/gradle-4.4-all/9br9xq1tocpiv8o6njlyu5op1/gradle-4.4/lib/kotlin-reflect-1.1.51.jar
7ff3952b4000-7ff3952f6000 rw-p 00000000 00:00 0 
7ff3952f6000-7ff3954d8000 r--s 01a42000 103:02 4461201                   /home/artur/.gradle/wrapper/dists/gradle-4.4-all/9br9xq1tocpiv8o6njlyu5op1/gradle-4.4/lib/kotlin-compiler-embeddable-1.1.51.jar
7ff3954d8000-7ff3954d9000 r--s 00000000 103:02 4461200                   /home/artur/.gradle/wrapper/dists/gradle-4.4-all/9br9xq1tocpiv8o6njlyu5op1/gradle-4.4/lib/gradle-kotlin-dsl-tooling-models-0.13.1.jar
7ff3954d9000-7ff3954db000 r--s 00003000 103:02 4461197                   /home/artur/.gradle/wrapper/dists/gradle-4.4-all/9br9xq1tocpiv8o6njlyu5op1/gradle-4.4/lib/annotations-13.0.jar
7ff3954db000-7ff3954e6000 r--s 00082000 103:02 4461198                   /home/artur/.gradle/wrapper/dists/gradle-4.4-all/9br9xq1tocpiv8o6njlyu5op1/gradle-4.4/lib/gradle-kotlin-dsl-0.13.1.jar
7ff3954e6000-7ff3954ea000 r--s 00012000 103:02 4461215                   /home/artur/.gradle/wrapper/dists/gradle-4.4-all/9br9xq1tocpiv8o6njlyu5op1/gradle-4.4/lib/gradle-build-cache-4.4.jar
7ff3954ea000-7ff3954f0000 r--s 0002e000 103:02 4461219                   /home/artur/.gradle/wrapper/dists/gradle-4.4-all/9br9xq1tocpiv8o6njlyu5op1/gradle-4.4/lib/gradle-persistent-cache-4.4.jar
7ff3954f0000-7ff3954f4000 r--s 00014000 103:02 4461218                   /home/artur/.gradle/wrapper/dists/gradle-4.4-all/9br9xq1tocpiv8o6njlyu5op1/gradle-4.4/lib/gradle-resources-4.4.jar
7ff3954f4000-7ff3954f5000 r--s 00003000 103:02 4461226                   /home/artur/.gradle/wrapper/dists/gradle-4.4-all/9br9xq1tocpiv8o6njlyu5op1/gradle-4.4/lib/gradle-build-option-4.4.jar
7ff3954f5000-7ff3954f7000 r--s 00005000 103:02 4461227                   /home/artur/.gradle/wrapper/dists/gradle-4.4-all/9br9xq1tocpiv8o6njlyu5op1/gradle-4.4/lib/gradle-cli-4.4.jar
7ff3954f7000-7ff3954f9000 r--s 00003000 103:02 4461234                   /home/artur/.gradle/wrapper/dists/gradle-4.4-all/9br9xq1tocpiv8o6njlyu5op1/gradle-4.4/lib/jcl-over-slf4j-1.7.10.jar
7ff3954f9000-7ff3954fa000 r--s 00005000 103:02 4461233                   /home/artur/.gradle/wrapper/dists/gradle-4.4-all/9br9xq1tocpiv8o6njlyu5op1/gradle-4.4/lib/log4j-over-slf4j-1.7.10.jar
7ff3954fa000-7ff3954fc000 r--s 00000000 103:02 4461232                   /home/artur/.gradle/wrapper/dists/gradle-4.4-all/9br9xq1tocpiv8o6njlyu5op1/gradle-4.4/lib/jul-to-slf4j-1.7.10.jar
7ff3954fc000-7ff395503000 r--s 0002f000 103:02 4461216                   /home/artur/.gradle/wrapper/dists/gradle-4.4-all/9br9xq1tocpiv8o6njlyu5op1/gradle-4.4/lib/gradle-logging-4.4.jar
7ff395503000-7ff395513000 r--s 00082000 103:02 4461222                   /home/artur/.gradle/wrapper/dists/gradle-4.4-all/9br9xq1tocpiv8o6njlyu5op1/gradle-4.4/lib/gradle-model-core-4.4.jar
7ff395513000-7ff395515000 r--s 00006000 103:02 4461223                   /home/artur/.gradle/wrapper/dists/gradle-4.4-all/9br9xq1tocpiv8o6njlyu5op1/gradle-4.4/lib/gradle-base-services-groovy-4.4.jar
7ff395515000-7ff395517000 r--s 00007000 103:02 4461221                   /home/artur/.gradle/wrapper/dists/gradle-4.4-all/9br9xq1tocpiv8o6njlyu5op1/gradle-4.4/lib/gradle-model-groovy-4.4.jar
7ff395517000-7ff395518000 r--s 00002000 103:02 4461247                   /home/artur/.gradle/wrapper/dists/gradle-4.4-all/9br9xq1tocpiv8o6njlyu5op1/gradle-4.4/lib/gradle-docs-4.4.jar
7ff395518000-7ff395521000 r--s 0002d000 103:02 4461246                   /home/artur/.gradle/wrapper/dists/gradle-4.4-all/9br9xq1tocpiv8o6njlyu5op1/gradle-4.4/lib/xml-apis-1.4.01.jar
7ff395521000-7ff39552b000 r--s 00078000 103:02 4461245                   /home/artur/.gradle/wrapper/dists/gradle-4.4-all/9br9xq1tocpiv8o6njlyu5op1/gradle-4.4/lib/commons-compress-1.14.jar
7ff39552b000-7ff395538000 r--s 00083000 103:02 4461243                   /home/artur/.gradle/wrapper/dists/gradle-4.4-all/9br9xq1tocpiv8o6njlyu5op1/gradle-4.4/lib/commons-collections-3.2.2.jar
7ff395538000-7ff395539000 r--s 00000000 103:02 4461242                   /home/artur/.gradle/wrapper/dists/gradle-4.4-all/9br9xq1tocpiv8o6njlyu5op1/gradle-4.4/lib/javax.inject-1.jar
7ff395539000-7ff3955a9000 r--s 00646000 103:02 4461240                   /home/artur/.gradle/wrapper/dists/gradle-4.4-all/9br9xq1tocpiv8o6njlyu5op1/gradle-4.4/lib/groovy-all-2.4.12.jar
7ff3955a9000-7ff3955ac000 r--s 00023000 103:02 4461248                   /home/artur/.gradle/wrapper/dists/gradle-4.4-all/9br9xq1tocpiv8o6njlyu5op1/gradle-4.4/lib/jansi-1.14.jar
7ff3955ac000-7ff3955ad000 r--s 00004000 103:02 4461250                   /home/artur/.gradle/wrapper/dists/gradle-4.4-all/9br9xq1tocpiv8o6njlyu5op1/gradle-4.4/lib/native-platform-freebsd-amd64-libcpp-0.14.jar
7ff3955ad000-7ff3955ae000 r--s 00004000 103:02 4461251                   /home/artur/.gradle/wrapper/dists/gradle-4.4-all/9br9xq1tocpiv8o6njlyu5op1/gradle-4.4/lib/native-platform-freebsd-amd64-libstdcpp-0.14.jar
7ff3955ae000-7ff3955af000 r--s 00004000 103:02 4461252                   /home/artur/.gradle/wrapper/dists/gradle-4.4-all/9br9xq1tocpiv8o6njlyu5op1/gradle-4.4/lib/native-platform-freebsd-i386-libcpp-0.14.jar
7ff3955af000-7ff3955b0000 r--s 00003000 103:02 4461253                   /home/artur/.gradle/wrapper/dists/gradle-4.4-all/9br9xq1tocpiv8o6njlyu5op1/gradle-4.4/lib/native-platform-freebsd-i386-libstdcpp-0.14.jar
7ff3955b0000-7ff3955b1000 r--s 00002000 103:02 4461254                   /home/artur/.gradle/wrapper/dists/gradle-4.4-all/9br9xq1tocpiv8o6njlyu5op1/gradle-4.4/lib/native-platform-linux-amd64-0.14.jar
7ff3955b1000-7ff3955b2000 r--s 00002000 103:02 4461255                   /home/artur/.gradle/wrapper/dists/gradle-4.4-all/9br9xq1tocpiv8o6njlyu5op1/gradle-4.4/lib/native-platform-linux-i386-0.14.jar
7ff3955b2000-7ff3955b4000 r--s 00002000 103:02 4461256                   /home/artur/.gradle/wrapper/dists/gradle-4.4-all/9br9xq1tocpiv8o6njlyu5op1/gradle-4.4/lib/native-platform-osx-amd64-0.14.jar
7ff3955b4000-7ff3955b5000 r--s 00003000 103:02 4461257                   /home/artur/.gradle/wrapper/dists/gradle-4.4-all/9br9xq1tocpiv8o6njlyu5op1/gradle-4.4/lib/native-platform-osx-i386-0.14.jar
7ff3955b5000-7ff3955b7000 r--s 0000b000 103:02 4461258                   /home/artur/.gradle/wrapper/dists/gradle-4.4-all/9br9xq1tocpiv8o6njlyu5op1/gradle-4.4/lib/native-platform-windows-amd64-0.14.jar
7ff3955b7000-7ff3955b8000 r--s 0000b000 103:02 4461259                   /home/artur/.gradle/wrapper/dists/gradle-4.4-all/9br9xq1tocpiv8o6njlyu5op1/gradle-4.4/lib/native-platform-windows-i386-0.14.jar
7ff3955b8000-7ff3955b9000 r--s 00001000 103:02 4461260                   /home/artur/.gradle/wrapper/dists/gradle-4.4-all/9br9xq1tocpiv8o6njlyu5op1/gradle-4.4/lib/native-platform-linux-amd64-ncurses5-0.14.jar
7ff3955b9000-7ff3955ba000 r--s 00001000 103:02 4461261                   /home/artur/.gradle/wrapper/dists/gradle-4.4-all/9br9xq1tocpiv8o6njlyu5op1/gradle-4.4/lib/native-platform-linux-amd64-ncurses6-0.14.jar
7ff3955ba000-7ff3955be000 r--s 00012000 103:02 4461244                   /home/artur/.gradle/wrapper/dists/gradle-4.4-all/9br9xq1tocpiv8o6njlyu5op1/gradle-4.4/lib/native-platform-0.14.jar
7ff3955be000-7ff3955c1000 r--s 0000c000 103:02 4461220                   /home/artur/.gradle/wrapper/dists/gradle-4.4-all/9br9xq1tocpiv8o6njlyu5op1/gradle-4.4/lib/gradle-native-4.4.jar
7ff3955c1000-7ff3955c3000 r--s 0000f000 103:02 4461229                   /home/artur/.gradle/wrapper/dists/gradle-4.4-all/9br9xq1tocpiv8o6njlyu5op1/gradle-4.4/lib/reflectasm-1.07-shaded.jar
7ff3955c3000-7ff3955c5000 r--s 00000000 103:02 4461264                   /home/artur/.gradle/wrapper/dists/gradle-4.4-all/9br9xq1tocpiv8o6njlyu5op1/gradle-4.4/lib/minlog-1.2.jar
7ff3955c5000-7ff3955c7000 r--s 00007000 103:02 4461265                   /home/artur/.gradle/wrapper/dists/gradle-4.4-all/9br9xq1tocpiv8o6njlyu5op1/gradle-4.4/lib/objenesis-1.2.jar
7ff3955c7000-7ff3955cb000 r--s 00026000 103:02 4461228                   /home/artur/.gradle/wrapper/dists/gradle-4.4-all/9br9xq1tocpiv8o6njlyu5op1/gradle-4.4/lib/kryo-2.20.jar
7ff3955cb000-7ff3955d1000 r--s 0002b000 103:02 4461224                   /home/artur/.gradle/wrapper/dists/gradle-4.4-all/9br9xq1tocpiv8o6njlyu5op1/gradle-4.4/lib/gradle-messaging-4.4.jar
7ff3955d1000-7ff3955d3000 r--s 00006000 103:02 4461217                   /home/artur/.gradle/wrapper/dists/gradle-4.4-all/9br9xq1tocpiv8o6njlyu5op1/gradle-4.4/lib/gradle-process-services-4.4.jar
7ff3955d3000-7ff3955d8000 r--s 00041000 103:02 4461238                   /home/artur/.gradle/wrapper/dists/gradle-4.4-all/9br9xq1tocpiv8o6njlyu5op1/gradle-4.4/lib/commons-lang-2.6.jar
7ff3955d8000-7ff3955db000 r--s 00006000 103:02 4461237                   /home/artur/.gradle/wrapper/dists/gradle-4.4-all/9br9xq1tocpiv8o6njlyu5op1/gradle-4.4/lib/jsr305-1.3.9.jar
7ff3955db000-7ff395603000 r--s 001cf000 103:02 4461236                   /home/artur/.gradle/wrapper/dists/gradle-4.4-all/9br9xq1tocpiv8o6njlyu5op1/gradle-4.4/lib/guava-jdk5-17.0.jar
7ff395603000-7ff395622000 r--s 001d5000 103:02 4461241                   /home/artur/.gradle/wrapper/dists/gradle-4.4-all/9br9xq1tocpiv8o6njlyu5op1/gradle-4.4/lib/ant-1.9.9.jar
7ff395622000-7ff39565e000 r--s 00204000 103:02 4461212                   /home/artur/.gradle/wrapper/dists/gradle-4.4-all/9br9xq1tocpiv8o6njlyu5op1/gradle-4.4/lib/gradle-core-4.4.jar
7ff39565e000-7ff39566a000 r--s 00032000 103:02 4461214                   /home/artur/.gradle/wrapper/dists/gradle-4.4-all/9br9xq1tocpiv8o6njlyu5op1/gradle-4.4/lib/gradle-core-api-4.4.jar
7ff39566a000-7ff395675000 r--s 0005b000 103:02 4461225                   /home/artur/.gradle/wrapper/dists/gradle-4.4-all/9br9xq1tocpiv8o6njlyu5op1/gradle-4.4/lib/gradle-base-services-4.4.jar
7ff395675000-7ff395681000 r--s 0005f000 103:02 4461207                   /home/artur/.gradle/wrapper/dists/gradle-4.4-all/9br9xq1tocpiv8o6njlyu5op1/gradle-4.4/lib/gradle-launcher-4.4.jar
7ff395681000-7ff39568b000 r--s 00116000 103:01 928941                    /usr/lib/jvm/java-8-openjdk-amd64/jre/lib/ext/localedata.jar
7ff39568b000-7ff3956a6000 r--s 00394000 103:01 928926                    /usr/lib/jvm/java-8-openjdk-amd64/jre/lib/ext/cldrdata.jar
7ff3956a6000-7ff3956c1000 r--s 001d6000 103:01 928942                    /usr/lib/jvm/java-8-openjdk-amd64/jre/lib/ext/nashorn.jar
7ff3956c1000-7ff3956c2000 ---p 00000000 00:00 0 
7ff3956c2000-7ff3957c2000 rw-p 00000000 00:00 0 
7ff3957c2000-7ff3957c5000 ---p 00000000 00:00 0 
7ff3957c5000-7ff3958c3000 rw-p 00000000 00:00 0 
7ff3958c3000-7ff3958c4000 ---p 00000000 00:00 0 
7ff3958c4000-7ff3958c7000 ---p 00000000 00:00 0 
7ff3958c7000-7ff3959c4000 rw-p 00000000 00:00 0 
7ff3959c4000-7ff3959c5000 ---p 00000000 00:00 0 
7ff3959c5000-7ff3959c8000 ---p 00000000 00:00 0 
7ff3959c8000-7ff395ac5000 rw-p 00000000 00:00 0 
7ff395ac5000-7ff395ac6000 ---p 00000000 00:00 0 
7ff395ac6000-7ff395ac9000 ---p 00000000 00:00 0 
7ff395ac9000-7ff395bc6000 rw-p 00000000 00:00 0 
7ff395bc6000-7ff395bc7000 ---p 00000000 00:00 0 
7ff395bc7000-7ff395bca000 ---p 00000000 00:00 0 
7ff395bca000-7ff395cc7000 rw-p 00000000 00:00 0 
7ff395cc7000-7ff395cca000 ---p 00000000 00:00 0 
7ff395cca000-7ff395dc8000 rw-p 00000000 00:00 0 
7ff395dc8000-7ff3968c8000 r--p 00000000 103:01 662409                    /usr/lib/locale/locale-archive
7ff3968c8000-7ff3968cb000 ---p 00000000 00:00 0 
7ff3968cb000-7ff3969c9000 rw-p 00000000 00:00 0 
7ff3969c9000-7ff3969cc000 ---p 00000000 00:00 0 
7ff3969cc000-7ff396aca000 rw-p 00000000 00:00 0 
7ff396aca000-7ff396acb000 ---p 00000000 00:00 0 
7ff396acb000-7ff398000000 rw-p 00000000 00:00 0 
7ff398000000-7ff398021000 rw-p 00000000 00:00 0 
7ff398021000-7ff39c000000 ---p 00000000 00:00 0 
7ff39c000000-7ff39c021000 rw-p 00000000 00:00 0 
7ff39c021000-7ff3a0000000 ---p 00000000 00:00 0 
7ff3a0000000-7ff3a0021000 rw-p 00000000 00:00 0 
7ff3a0021000-7ff3a4000000 ---p 00000000 00:00 0 
7ff3a4000000-7ff3a4021000 rw-p 00000000 00:00 0 
7ff3a4021000-7ff3a8000000 ---p 00000000 00:00 0 
7ff3a8000000-7ff3a8021000 rw-p 00000000 00:00 0 
7ff3a8021000-7ff3ac000000 ---p 00000000 00:00 0 
7ff3ac000000-7ff3ac002000 r--s 00000000 103:02 4461213                   /home/artur/.gradle/wrapper/dists/gradle-4.4-all/9br9xq1tocpiv8o6njlyu5op1/gradle-4.4/lib/gradle-jvm-services-4.4.jar
7ff3ac002000-7ff3ac006000 r--s 00027000 103:02 4461231                   /home/artur/.gradle/wrapper/dists/gradle-4.4-all/9br9xq1tocpiv8o6njlyu5op1/gradle-4.4/lib/commons-io-2.2.jar
7ff3ac006000-7ff3ac821000 rw-p 00000000 00:00 0 
7ff3ac821000-7ff3ac9f0000 r--s 03c33000 103:01 793939                    /usr/lib/jvm/java-8-openjdk-amd64/jre/lib/rt.jar
7ff3ac9f0000-7ff3af466000 rw-p 00000000 00:00 0 
7ff3af466000-7ff3af467000 ---p 00000000 00:00 0 
7ff3af467000-7ff3af567000 rw-p 00000000 00:00 0 
7ff3af567000-7ff3af568000 ---p 00000000 00:00 0 
7ff3af568000-7ff3af668000 rw-p 00000000 00:00 0 
7ff3af668000-7ff3af669000 ---p 00000000 00:00 0 
7ff3af669000-7ff3af769000 rw-p 00000000 00:00 0 
7ff3af769000-7ff3af76a000 ---p 00000000 00:00 0 
7ff3af76a000-7ff3af86a000 rw-p 00000000 00:00 0 
7ff3af86a000-7ff3af86b000 ---p 00000000 00:00 0 
7ff3af86b000-7ff3af96b000 rw-p 00000000 00:00 0 
7ff3af96b000-7ff3af96c000 ---p 00000000 00:00 0 
7ff3af96c000-7ff3afa6c000 rw-p 00000000 00:00 0 
7ff3afa6c000-7ff3afa6d000 ---p 00000000 00:00 0 
7ff3afa6d000-7ff3afb6d000 rw-p 00000000 00:00 0 
7ff3afb6d000-7ff3afb6e000 ---p 00000000 00:00 0 
7ff3afb6e000-7ff3afc9b000 rw-p 00000000 00:00 0 
7ff3afc9b000-7ff3afdc4000 ---p 00000000 00:00 0 
7ff3afdc4000-7ff3afdf1000 rw-p 00000000 00:00 0 
7ff3afdf1000-7ff3aff19000 ---p 00000000 00:00 0 
7ff3aff19000-7ff3aff88000 rw-p 00000000 00:00 0 
7ff3aff88000-7ff3affc4000 ---p 00000000 00:00 0 
7ff3affc4000-7ff3b0005000 rw-p 00000000 00:00 0 
7ff3b0005000-7ff3b0385000 ---p 00000000 00:00 0 
7ff3b0385000-7ff3b1385000 rwxp 00000000 00:00 0 
7ff3b1385000-7ff3bf385000 ---p 00000000 00:00 0 
7ff3bf385000-7ff3bf38d000 r-xp 00000000 103:01 793909                    /usr/lib/jvm/java-8-openjdk-amd64/jre/lib/amd64/libzip.so
7ff3bf38d000-7ff3bf58c000 ---p 00008000 103:01 793909                    /usr/lib/jvm/java-8-openjdk-amd64/jre/lib/amd64/libzip.so
7ff3bf58c000-7ff3bf58d000 r--p 00007000 103:01 793909                    /usr/lib/jvm/java-8-openjdk-amd64/jre/lib/amd64/libzip.so
7ff3bf58d000-7ff3bf58e000 rw-p 00008000 103:01 793909                    /usr/lib/jvm/java-8-openjdk-amd64/jre/lib/amd64/libzip.so
7ff3bf58e000-7ff3bf599000 r-xp 00000000 103:01 923482                    /lib/x86_64-linux-gnu/libnss_files-2.27.so
7ff3bf599000-7ff3bf798000 ---p 0000b000 103:01 923482                    /lib/x86_64-linux-gnu/libnss_files-2.27.so
7ff3bf798000-7ff3bf799000 r--p 0000a000 103:01 923482                    /lib/x86_64-linux-gnu/libnss_files-2.27.so
7ff3bf799000-7ff3bf79a000 rw-p 0000b000 103:01 923482                    /lib/x86_64-linux-gnu/libnss_files-2.27.so
7ff3bf79a000-7ff3bf7a0000 rw-p 00000000 00:00 0 
7ff3bf7a0000-7ff3bf7b7000 r-xp 00000000 103:01 923476                    /lib/x86_64-linux-gnu/libnsl-2.27.so
7ff3bf7b7000-7ff3bf9b6000 ---p 00017000 103:01 923476                    /lib/x86_64-linux-gnu/libnsl-2.27.so
7ff3bf9b6000-7ff3bf9b7000 r--p 00016000 103:01 923476                    /lib/x86_64-linux-gnu/libnsl-2.27.so
7ff3bf9b7000-7ff3bf9b8000 rw-p 00017000 103:01 923476                    /lib/x86_64-linux-gnu/libnsl-2.27.so
7ff3bf9b8000-7ff3bf9ba000 rw-p 00000000 00:00 0 
7ff3bf9ba000-7ff3bf9c5000 r-xp 00000000 103:01 923493                    /lib/x86_64-linux-gnu/libnss_nis-2.27.so
7ff3bf9c5000-7ff3bfbc4000 ---p 0000b000 103:01 923493                    /lib/x86_64-linux-gnu/libnss_nis-2.27.so
7ff3bfbc4000-7ff3bfbc5000 r--p 0000a000 103:01 923493                    /lib/x86_64-linux-gnu/libnss_nis-2.27.so
7ff3bfbc5000-7ff3bfbc6000 rw-p 0000b000 103:01 923493                    /lib/x86_64-linux-gnu/libnss_nis-2.27.so
7ff3bfbc6000-7ff3bfbce000 r-xp 00000000 103:01 923478                    /lib/x86_64-linux-gnu/libnss_compat-2.27.so
7ff3bfbce000-7ff3bfdce000 ---p 00008000 103:01 923478                    /lib/x86_64-linux-gnu/libnss_compat-2.27.so
7ff3bfdce000-7ff3bfdcf000 r--p 00008000 103:01 923478                    /lib/x86_64-linux-gnu/libnss_compat-2.27.so
7ff3bfdcf000-7ff3bfdd0000 rw-p 00009000 103:01 923478                    /lib/x86_64-linux-gnu/libnss_compat-2.27.so
7ff3bfdd0000-7ff3bfdfe000 r-xp 00000000 103:01 793878                    /usr/lib/jvm/java-8-openjdk-amd64/jre/lib/amd64/libjava.so
7ff3bfdfe000-7ff3bfffd000 ---p 0002e000 103:01 793878                    /usr/lib/jvm/java-8-openjdk-amd64/jre/lib/amd64/libjava.so
7ff3bfffd000-7ff3bfffe000 r--p 0002d000 103:01 793878                    /usr/lib/jvm/java-8-openjdk-amd64/jre/lib/amd64/libjava.so
7ff3bfffe000-7ff3c0000000 rw-p 0002e000 103:01 793878                    /usr/lib/jvm/java-8-openjdk-amd64/jre/lib/amd64/libjava.so
7ff3c0000000-7ff3c1048000 rw-p 00000000 00:00 0 
7ff3c1048000-7ff3c4000000 ---p 00000000 00:00 0 
7ff3c4000000-7ff3c4001000 r--s 00001000 103:02 4461262                   /home/artur/.gradle/wrapper/dists/gradle-4.4-all/9br9xq1tocpiv8o6njlyu5op1/gradle-4.4/lib/native-platform-linux-i386-ncurses5-0.14.jar
7ff3c4001000-7ff3c4009000 r--s 000bd000 103:02 4461230                   /home/artur/.gradle/wrapper/dists/gradle-4.4-all/9br9xq1tocpiv8o6njlyu5op1/gradle-4.4/lib/asm-debug-all-6.0_ALPHA.jar
7ff3c4009000-7ff3c4019000 r-xp 00000000 103:01 793907                    /usr/lib/jvm/java-8-openjdk-amd64/jre/lib/amd64/libverify.so
7ff3c4019000-7ff3c4218000 ---p 00010000 103:01 793907                    /usr/lib/jvm/java-8-openjdk-amd64/jre/lib/amd64/libverify.so
7ff3c4218000-7ff3c421a000 r--p 0000f000 103:01 793907                    /usr/lib/jvm/java-8-openjdk-amd64/jre/lib/amd64/libverify.so
7ff3c421a000-7ff3c421b000 rw-p 00011000 103:01 793907                    /usr/lib/jvm/java-8-openjdk-amd64/jre/lib/amd64/libverify.so
7ff3c421b000-7ff3c4222000 r-xp 00000000 103:01 923533                    /lib/x86_64-linux-gnu/librt-2.27.so
7ff3c4222000-7ff3c4421000 ---p 00007000 103:01 923533                    /lib/x86_64-linux-gnu/librt-2.27.so
7ff3c4421000-7ff3c4422000 r--p 00006000 103:01 923533                    /lib/x86_64-linux-gnu/librt-2.27.so
7ff3c4422000-7ff3c4423000 rw-p 00007000 103:01 923533                    /lib/x86_64-linux-gnu/librt-2.27.so
7ff3c4423000-7ff3c443a000 r-xp 00000000 103:01 917594                    /lib/x86_64-linux-gnu/libgcc_s.so.1
7ff3c443a000-7ff3c4639000 ---p 00017000 103:01 917594                    /lib/x86_64-linux-gnu/libgcc_s.so.1
7ff3c4639000-7ff3c463a000 r--p 00016000 103:01 917594                    /lib/x86_64-linux-gnu/libgcc_s.so.1
7ff3c463a000-7ff3c463b000 rw-p 00017000 103:01 917594                    /lib/x86_64-linux-gnu/libgcc_s.so.1
7ff3c463b000-7ff3c47d8000 r-xp 00000000 103:01 923455                    /lib/x86_64-linux-gnu/libm-2.27.so
7ff3c47d8000-7ff3c49d7000 ---p 0019d000 103:01 923455                    /lib/x86_64-linux-gnu/libm-2.27.so
7ff3c49d7000-7ff3c49d8000 r--p 0019c000 103:01 923455                    /lib/x86_64-linux-gnu/libm-2.27.so
7ff3c49d8000-7ff3c49d9000 rw-p 0019d000 103:01 923455                    /lib/x86_64-linux-gnu/libm-2.27.so
7ff3c49d9000-7ff3c4b52000 r-xp 00000000 103:01 659206                    /usr/lib/x86_64-linux-gnu/libstdc++.so.6.0.25
7ff3c4b52000-7ff3c4d52000 ---p 00179000 103:01 659206                    /usr/lib/x86_64-linux-gnu/libstdc++.so.6.0.25
7ff3c4d52000-7ff3c4d5c000 r--p 00179000 103:01 659206                    /usr/lib/x86_64-linux-gnu/libstdc++.so.6.0.25
7ff3c4d5c000-7ff3c4d5e000 rw-p 00183000 103:01 659206                    /usr/lib/x86_64-linux-gnu/libstdc++.so.6.0.25
7ff3c4d5e000-7ff3c4d62000 rw-p 00000000 00:00 0 
7ff3c4d62000-7ff3c59fc000 r-xp 00000000 103:01 793913                    /usr/lib/jvm/java-8-openjdk-amd64/jre/lib/amd64/server/libjvm.so
7ff3c59fc000-7ff3c5bfb000 ---p 00c9a000 103:01 793913                    /usr/lib/jvm/java-8-openjdk-amd64/jre/lib/amd64/server/libjvm.so
7ff3c5bfb000-7ff3c5c8f000 r--p 00c99000 103:01 793913                    /usr/lib/jvm/java-8-openjdk-amd64/jre/lib/amd64/server/libjvm.so
7ff3c5c8f000-7ff3c5cb8000 rw-p 00d2d000 103:01 793913                    /usr/lib/jvm/java-8-openjdk-amd64/jre/lib/amd64/server/libjvm.so
7ff3c5cb8000-7ff3c5ce8000 rw-p 00000000 00:00 0 
7ff3c5ce8000-7ff3c5d02000 r-xp 00000000 103:01 923525                    /lib/x86_64-linux-gnu/libpthread-2.27.so
7ff3c5d02000-7ff3c5f01000 ---p 0001a000 103:01 923525                    /lib/x86_64-linux-gnu/libpthread-2.27.so
7ff3c5f01000-7ff3c5f02000 r--p 00019000 103:01 923525                    /lib/x86_64-linux-gnu/libpthread-2.27.so
7ff3c5f02000-7ff3c5f03000 rw-p 0001a000 103:01 923525                    /lib/x86_64-linux-gnu/libpthread-2.27.so
7ff3c5f03000-7ff3c5f07000 rw-p 00000000 00:00 0 
7ff3c5f07000-7ff3c5f0a000 r-xp 00000000 103:01 923415                    /lib/x86_64-linux-gnu/libdl-2.27.so
7ff3c5f0a000-7ff3c6109000 ---p 00003000 103:01 923415                    /lib/x86_64-linux-gnu/libdl-2.27.so
7ff3c6109000-7ff3c610a000 r--p 00002000 103:01 923415                    /lib/x86_64-linux-gnu/libdl-2.27.so
7ff3c610a000-7ff3c610b000 rw-p 00003000 103:01 923415                    /lib/x86_64-linux-gnu/libdl-2.27.so
7ff3c610b000-7ff3c6127000 r-xp 00000000 103:01 923564                    /lib/x86_64-linux-gnu/libz.so.1.2.11
7ff3c6127000-7ff3c6326000 ---p 0001c000 103:01 923564                    /lib/x86_64-linux-gnu/libz.so.1.2.11
7ff3c6326000-7ff3c6327000 r--p 0001b000 103:01 923564                    /lib/x86_64-linux-gnu/libz.so.1.2.11
7ff3c6327000-7ff3c6328000 rw-p 0001c000 103:01 923564                    /lib/x86_64-linux-gnu/libz.so.1.2.11
7ff3c6328000-7ff3c650f000 r-xp 00000000 103:01 923392                    /lib/x86_64-linux-gnu/libc-2.27.so
7ff3c650f000-7ff3c670f000 ---p 001e7000 103:01 923392                    /lib/x86_64-linux-gnu/libc-2.27.so
7ff3c670f000-7ff3c6713000 r--p 001e7000 103:01 923392                    /lib/x86_64-linux-gnu/libc-2.27.so
7ff3c6713000-7ff3c6715000 rw-p 001eb000 103:01 923392                    /lib/x86_64-linux-gnu/libc-2.27.so
7ff3c6715000-7ff3c6719000 rw-p 00000000 00:00 0 
7ff3c6719000-7ff3c6727000 r-xp 00000000 103:01 793864                    /usr/lib/jvm/java-8-openjdk-amd64/jre/lib/amd64/jli/libjli.so
7ff3c6727000-7ff3c6926000 ---p 0000e000 103:01 793864                    /usr/lib/jvm/java-8-openjdk-amd64/jre/lib/amd64/jli/libjli.so
7ff3c6926000-7ff3c6927000 r--p 0000d000 103:01 793864                    /usr/lib/jvm/java-8-openjdk-amd64/jre/lib/amd64/jli/libjli.so
7ff3c6927000-7ff3c6928000 rw-p 0000e000 103:01 793864                    /usr/lib/jvm/java-8-openjdk-amd64/jre/lib/amd64/jli/libjli.so
7ff3c6928000-7ff3c694f000 r-xp 00000000 103:01 923364                    /lib/x86_64-linux-gnu/ld-2.27.so
7ff3c694f000-7ff3c6950000 r--s 00001000 103:02 4461263                   /home/artur/.gradle/wrapper/dists/gradle-4.4-all/9br9xq1tocpiv8o6njlyu5op1/gradle-4.4/lib/native-platform-linux-i386-ncurses6-0.14.jar
7ff3c6950000-7ff3c6951000 r--s 00000000 103:02 4461239                   /home/artur/.gradle/wrapper/dists/gradle-4.4-all/9br9xq1tocpiv8o6njlyu5op1/gradle-4.4/lib/jcip-annotations-1.0.jar
7ff3c6951000-7ff3c6952000 r--s 00007000 103:02 4461235                   /home/artur/.gradle/wrapper/dists/gradle-4.4-all/9br9xq1tocpiv8o6njlyu5op1/gradle-4.4/lib/slf4j-api-1.7.10.jar
7ff3c6952000-7ff3c6953000 r--s 00004000 103:02 4461249                   /home/artur/.gradle/wrapper/dists/gradle-4.4-all/9br9xq1tocpiv8o6njlyu5op1/gradle-4.4/lib/ant-launcher-1.9.9.jar
7ff3c6953000-7ff3c6954000 r--s 00010000 103:01 928946                    /usr/lib/jvm/java-8-openjdk-amd64/jre/lib/ext/zipfs.jar
7ff3c6954000-7ff3c6957000 r--s 00038000 103:01 928945                    /usr/lib/jvm/java-8-openjdk-amd64/jre/lib/ext/sunpkcs11.jar
7ff3c6957000-7ff3c6a30000 rw-p 00000000 00:00 0 
7ff3c6a30000-7ff3c6a31000 ---p 00000000 00:00 0 
7ff3c6a31000-7ff3c6a34000 ---p 00000000 00:00 0 
7ff3c6a34000-7ff3c6b33000 rw-p 00000000 00:00 0 
7ff3c6b33000-7ff3c6b36000 r--s 0000f000 103:01 928934                    /usr/lib/jvm/java-8-openjdk-amd64/jre/lib/ext/icedtea-sound.jar
7ff3c6b36000-7ff3c6b38000 r--s 00001000 103:01 928931                    /usr/lib/jvm/java-8-openjdk-amd64/jre/lib/ext/dnsns.jar
7ff3c6b38000-7ff3c6b3a000 r--s 00008000 103:01 928943                    /usr/lib/jvm/java-8-openjdk-amd64/jre/lib/ext/sunec.jar
7ff3c6b3a000-7ff3c6b3c000 r--s 00007000 103:01 1198483                   /usr/share/java/java-atk-wrapper.jar
7ff3c6b3c000-7ff3c6b3d000 r--s 0000a000 103:01 928939                    /usr/lib/jvm/java-8-openjdk-amd64/jre/lib/ext/jaccess.jar
7ff3c6b3d000-7ff3c6b43000 r--s 0003b000 103:01 928944                    /usr/lib/jvm/java-8-openjdk-amd64/jre/lib/ext/sunjce_provider.jar
7ff3c6b43000-7ff3c6b4b000 rw-s 00000000 103:01 1049969                   /tmp/hsperfdata_artur/6290
7ff3c6b4b000-7ff3c6b4c000 rw-p 00000000 00:00 0 
7ff3c6b4c000-7ff3c6b4d000 ---p 00000000 00:00 0 
7ff3c6b4d000-7ff3c6b4f000 rw-p 00000000 00:00 0 
7ff3c6b4f000-7ff3c6b50000 r--p 00027000 103:01 923364                    /lib/x86_64-linux-gnu/ld-2.27.so
7ff3c6b50000-7ff3c6b51000 rw-p 00028000 103:01 923364                    /lib/x86_64-linux-gnu/ld-2.27.so
7ff3c6b51000-7ff3c6b52000 rw-p 00000000 00:00 0 
7ffe3ce73000-7ffe3ce95000 rw-p 00000000 00:00 0                          [stack]
7ffe3cf0c000-7ffe3cf0f000 r--p 00000000 00:00 0                          [vvar]
7ffe3cf0f000-7ffe3cf11000 r-xp 00000000 00:00 0                          [vdso]
ffffffffff600000-ffffffffff601000 r-xp 00000000 00:00 0                  [vsyscall]

VM Arguments:
jvm_args: -XX:+HeapDumpOnOutOfMemoryError -Xmx1024m -Dfile.encoding=UTF-8 -Duser.country=PL -Duser.language=pl -Duser.variant 
java_command: org.gradle.launcher.daemon.bootstrap.GradleDaemon 4.4
java_class_path (initial): /home/artur/.gradle/wrapper/dists/gradle-4.4-all/9br9xq1tocpiv8o6njlyu5op1/gradle-4.4/lib/gradle-launcher-4.4.jar
Launcher Type: SUN_STANDARD

Environment Variables:
JAVA_HOME=/usr/lib/jvm/java-8-openjdk-amd64
PATH=/home/artur/.local/bin:/usr/local/sbin:/usr/local/bin:/usr/sbin:/usr/bin:/sbin:/bin:/usr/games:/usr/local/games:/snap/bin:/usr/lib/jvm/java-8-oracle/bin:/usr/lib/jvm/java-8-oracle/db/bin:/usr/lib/jvm/java-8-oracle/jre/bin:/home/artur/Android/Sdk/tools:/home/artur/Android/Sdk/tools/bin:/home/artur/Android/Sdk/platform-tools:/home/artur/Android/Sdk/emulator:/home/artur/Android/Sdk/tools:/home/artur/Android/Sdk/tools/bin:/home/artur/Android/Sdk/platform-tools:/home/artur/Android/Sdk/emulator
USERNAME=artur
SHELL=/bin/bash
DISPLAY=:0

Signal Handlers:
SIGSEGV: [libjvm.so+0xab2e60], sa_mask[0]=11111111011111111101111111111110, sa_flags=SA_RESTART|SA_SIGINFO
SIGBUS: [libjvm.so+0xab2e60], sa_mask[0]=11111111011111111101111111111110, sa_flags=SA_RESTART|SA_SIGINFO
SIGFPE: [libjvm.so+0x8e8860], sa_mask[0]=11111111011111111101111111111110, sa_flags=SA_RESTART|SA_SIGINFO
SIGPIPE: [libjvm.so+0x8e8860], sa_mask[0]=11111111011111111101111111111110, sa_flags=SA_RESTART|SA_SIGINFO
SIGXFSZ: [libjvm.so+0x8e8860], sa_mask[0]=11111111011111111101111111111110, sa_flags=SA_RESTART|SA_SIGINFO
SIGILL: [libjvm.so+0x8e8860], sa_mask[0]=11111111011111111101111111111110, sa_flags=SA_RESTART|SA_SIGINFO
SIGUSR1: SIG_DFL, sa_mask[0]=00000000000000000000000000000000, sa_flags=none
SIGUSR2: [libjvm.so+0x8e8710], sa_mask[0]=00100000000000000000000000000000, sa_flags=SA_RESTART|SA_SIGINFO
SIGHUP: [libjvm.so+0x8e8d80], sa_mask[0]=11111111011111111101111111111110, sa_flags=SA_RESTART|SA_SIGINFO
SIGINT:                                  